<?xml version="1.0" encoding="UTF-8"?>
<testsuites name="Mocha Tests" time="5287.2500" tests="654" failures="199" skipped="93">
  <testsuite name="Root Suite" timestamp="2021-04-28T22:09:27" tests="0" time="0.0000" failures="0">
  </testsuite>
  <testsuite name="ad choices" timestamp="2021-04-28T22:09:27" tests="0" file="/Users/rileyjones/amp/amphtml/test/e2e/test-adchoices.js" time="0.0000" failures="0">
  </testsuite>
  <testsuite name="chrome" timestamp="2021-04-28T22:09:27" tests="0" file="/Users/rileyjones/amp/amphtml/test/e2e/test-adchoices.js" time="0.0000" failures="0">
  </testsuite>
  <testsuite name=" AMPHTML ads FIE environment " timestamp="2021-04-28T22:09:27" tests="0" file="/Users/rileyjones/amp/amphtml/test/e2e/test-adchoices.js" time="0.0000" failures="0">
  </testsuite>
  <testsuite name=" " timestamp="2021-04-28T22:09:27" tests="1" file="/Users/rileyjones/amp/amphtml/test/e2e/test-adchoices.js" time="22.9290" failures="1">
    <testcase name="ad choices chrome  AMPHTML ads FIE environment  &quot;before each&quot; hook for &quot;interactions&quot;" time="22.9290" classname="&quot;before each&quot; hook for &quot;interactions&quot;">
      <failure message="Waiting for element to be located amp-ad &gt; iframe
Wait timed out after 5000ms
&lt;head&gt;
  &lt;meta charset=&quot;utf-8&quot;&gt;
  &lt;title&gt;A4A Envelope&lt;/title&gt;
  &lt;link rel=&quot;canonical&quot; href=&quot;http://nonblocking.io/&quot;&gt;
  &lt;meta name=&quot;viewport&quot; content=&quot;width=device-width,minimum-scale=1,initial-scale=1&quot;&gt;
  &lt;script async=&quot;&quot; src=&quot;/dist/v0.js&quot;&gt;&lt;/script&gt;
  &lt;script async=&quot;&quot; custom-element=&quot;amp-ad&quot; src=&quot;/dist/v0/amp-ad-0.1.js&quot;&gt;&lt;/script&gt;
  &lt;style amp-custom=&quot;&quot;&gt;
    #ad-url {
      height: 18px;
      overflow: hidden;
    }
  &lt;/style&gt;
&lt;/head&gt;
&lt;body&gt;
  &lt;h1 id=&quot;title&quot;&gt;A4A Envelope&lt;/h1&gt;
  &lt;div id=&quot;ad-url&quot;&gt;url: http://ads.localhost:8000/test/fixtures/e2e/amphtml-ads/text.html?inabox=1&lt;/div&gt;
  &lt;div&gt;size: 300x250&lt;/div&gt;

  &lt;div style=&quot;background: #eee; overflow: hidden; height: 0px;&quot;&gt;scroll down to see the ad&lt;/div&gt;

  &lt;amp-ad width=&quot;300&quot; height=&quot;250&quot; id=&quot;i-amphtml-demo-id&quot; type=&quot;fake&quot; a4a-conversion=&quot;true&quot; checksig=&quot;&quot; disable3pfallback=&quot;true&quot; data-experiment-id=&quot;&quot; src=&quot;http://ads.localhost:8000/test/fixtures/e2e/amphtml-ads/text.html?inabox=1&quot;&gt;
  &lt;/amp-ad&gt;

  &lt;div style=&quot;background: #eee; overflow: hidden;; height: 100vh;&quot;&gt;&lt;/div&gt;


&lt;/body&gt;" type="Error"><![CDATA[Error: Waiting for element to be located amp-ad > iframe
Wait timed out after 5000ms
<head>
  <meta charset="utf-8">
  <title>A4A Envelope</title>
  <link rel="canonical" href="http://nonblocking.io/">
  <meta name="viewport" content="width=device-width,minimum-scale=1,initial-scale=1">
  <script async="" src="/dist/v0.js"></script>
  <script async="" custom-element="amp-ad" src="/dist/v0/amp-ad-0.1.js"></script>
  <style amp-custom="">
    #ad-url {
      height: 18px;
      overflow: hidden;
    }
  </style>
</head>
<body>
  <h1 id="title">A4A Envelope</h1>
  <div id="ad-url">url: http://ads.localhost:8000/test/fixtures/e2e/amphtml-ads/text.html?inabox=1</div>
  <div>size: 300x250</div>

  <div style="background: #eee; overflow: hidden; height: 0px;">scroll down to see the ad</div>

  <amp-ad width="300" height="250" id="i-amphtml-demo-id" type="fake" a4a-conversion="true" checksig="" disable3pfallback="true" data-experiment-id="" src="http://ads.localhost:8000/test/fixtures/e2e/amphtml-ads/text.html?inabox=1">
  </amp-ad>

  <div style="background: #eee; overflow: hidden;; height: 100vh;"></div>


</body>
    at AmpDriver._callee7$ (build-system/tasks/e2e/amp-driver.js:321:23)
    at tryCatch (build-system/tasks/e2e/node_modules/babel-regenerator-runtime/runtime.js:61:40)
    at GeneratorFunctionPrototype.invoke [as _invoke] (build-system/tasks/e2e/node_modules/babel-regenerator-runtime/runtime.js:329:22)
    at GeneratorFunctionPrototype.prototype.<computed> [as next] (build-system/tasks/e2e/node_modules/babel-regenerator-runtime/runtime.js:94:21)
    at asyncGeneratorStep (build-system/tasks/e2e/amp-driver.js:13:103)
    at _next (build-system/tasks/e2e/amp-driver.js:15:194)
    at processTicksAndRejections (internal/process/task_queues.js:93:5)]]></failure>
    </testcase>
  </testsuite>
  <testsuite name=" AMPHTML ads inabox environment " timestamp="2021-04-28T22:09:50" tests="0" file="/Users/rileyjones/amp/amphtml/test/e2e/test-adchoices.js" time="0.0000" failures="0">
  </testsuite>
  <testsuite name=" " timestamp="2021-04-28T22:09:50" tests="1" file="/Users/rileyjones/amp/amphtml/test/e2e/test-adchoices.js" time="0.0340" failures="1">
    <testcase name="ad choices chrome  AMPHTML ads inabox environment    interactions" time="0.0340" classname="interactions">
      <failure message="element not interactable
  (Session info: headless chrome=90.0.4430.93)" type="ElementNotInteractableError"><![CDATA[ElementNotInteractableError: element not interactable
  (Session info: headless chrome=90.0.4430.93)
    at Object.throwDecodedError (build-system/tasks/e2e/node_modules/selenium-webdriver/lib/error.js:517:15)
    at parseHttpResponse (build-system/tasks/e2e/node_modules/selenium-webdriver/lib/http.js:642:13)
    at Executor.execute (build-system/tasks/e2e/node_modules/selenium-webdriver/lib/http.js:568:28)
    at processTicksAndRejections (internal/process/task_queues.js:93:5)
    at async Driver.execute (build-system/tasks/e2e/node_modules/selenium-webdriver/lib/webdriver.js:731:17)]]></failure>
    </testcase>
  </testsuite>
  <testsuite name=" AMPHTML ads inabox friendly frame environment " timestamp="2021-04-28T22:09:51" tests="0" file="/Users/rileyjones/amp/amphtml/test/e2e/test-adchoices.js" time="0.0000" failures="0">
  </testsuite>
  <testsuite name=" " timestamp="2021-04-28T22:09:51" tests="1" file="/Users/rileyjones/amp/amphtml/test/e2e/test-adchoices.js" time="0.0320" failures="1">
    <testcase name="ad choices chrome  AMPHTML ads inabox friendly frame environment    interactions" time="0.0320" classname="interactions">
      <failure message="element not interactable
  (Session info: headless chrome=90.0.4430.93)" type="ElementNotInteractableError"><![CDATA[ElementNotInteractableError: element not interactable
  (Session info: headless chrome=90.0.4430.93)
    at Object.throwDecodedError (build-system/tasks/e2e/node_modules/selenium-webdriver/lib/error.js:517:15)
    at parseHttpResponse (build-system/tasks/e2e/node_modules/selenium-webdriver/lib/http.js:642:13)
    at Executor.execute (build-system/tasks/e2e/node_modules/selenium-webdriver/lib/http.js:568:28)
    at processTicksAndRejections (internal/process/task_queues.js:93:5)
    at async Driver.execute (build-system/tasks/e2e/node_modules/selenium-webdriver/lib/webdriver.js:731:17)]]></failure>
    </testcase>
  </testsuite>
  <testsuite name=" AMPHTML ads inabox safeframe environment " timestamp="2021-04-28T22:09:51" tests="0" file="/Users/rileyjones/amp/amphtml/test/e2e/test-adchoices.js" time="0.0000" failures="0">
  </testsuite>
  <testsuite name=" " timestamp="2021-04-28T22:09:51" tests="1" file="/Users/rileyjones/amp/amphtml/test/e2e/test-adchoices.js" time="0.0300" failures="1">
    <testcase name="ad choices chrome  AMPHTML ads inabox safeframe environment    interactions" time="0.0300" classname="interactions">
      <failure message="element not interactable
  (Session info: headless chrome=90.0.4430.93)" type="ElementNotInteractableError"><![CDATA[ElementNotInteractableError: element not interactable
  (Session info: headless chrome=90.0.4430.93)
    at Object.throwDecodedError (build-system/tasks/e2e/node_modules/selenium-webdriver/lib/error.js:517:15)
    at parseHttpResponse (build-system/tasks/e2e/node_modules/selenium-webdriver/lib/http.js:642:13)
    at Executor.execute (build-system/tasks/e2e/node_modules/selenium-webdriver/lib/http.js:568:28)
    at processTicksAndRejections (internal/process/task_queues.js:93:5)
    at async Driver.execute (build-system/tasks/e2e/node_modules/selenium-webdriver/lib/webdriver.js:731:17)]]></failure>
    </testcase>
  </testsuite>
  <testsuite name="amp-bind" timestamp="2021-04-28T22:09:52" tests="0" file="/Users/rileyjones/amp/amphtml/test/e2e/test-amp-bind-brightcove.js" time="0.0000" failures="0">
  </testsuite>
  <testsuite name="chrome" timestamp="2021-04-28T22:09:52" tests="0" file="/Users/rileyjones/amp/amphtml/test/e2e/test-amp-bind-brightcove.js" time="0.0000" failures="0">
  </testsuite>
  <testsuite name=" Standalone environment " timestamp="2021-04-28T22:09:52" tests="0" file="/Users/rileyjones/amp/amphtml/test/e2e/test-amp-bind-brightcove.js" time="0.0000" failures="0">
  </testsuite>
  <testsuite name=" " timestamp="2021-04-28T22:09:52" tests="0" file="/Users/rileyjones/amp/amphtml/test/e2e/test-amp-bind-brightcove.js" time="0.0000" failures="0">
  </testsuite>
  <testsuite name="with &lt;amp-brightcove&gt;" timestamp="2021-04-28T22:09:52" tests="1" file="/Users/rileyjones/amp/amphtml/test/e2e/test-amp-bind-brightcove.js" time="5.2260" failures="1">
    <testcase name="amp-bind chrome  Standalone environment    with &lt;amp-brightcove&gt; should support binding to data-account" time="5.2260" classname="should support binding to data-account">
      <failure message="Waiting for element to be located #brightcove iframe
Wait timed out after 5212ms" type="TimeoutError"><![CDATA[TimeoutError: Waiting for element to be located #brightcove iframe
Wait timed out after 5212ms
    at /Users/rileyjones/amp/amphtml/build-system/tasks/e2e/node_modules/selenium-webdriver/lib/webdriver.js:894:17
    at processTicksAndRejections (internal/process/task_queues.js:93:5)]]></failure>
    </testcase>
  </testsuite>
  <testsuite name=" Viewer environment " timestamp="2021-04-28T22:09:58" tests="0" file="/Users/rileyjones/amp/amphtml/test/e2e/test-amp-bind-brightcove.js" time="0.0000" failures="0">
  </testsuite>
  <testsuite name=" " timestamp="2021-04-28T22:09:58" tests="0" file="/Users/rileyjones/amp/amphtml/test/e2e/test-amp-bind-brightcove.js" time="0.0000" failures="0">
  </testsuite>
  <testsuite name="with &lt;amp-brightcove&gt;" timestamp="2021-04-28T22:09:58" tests="1" file="/Users/rileyjones/amp/amphtml/test/e2e/test-amp-bind-brightcove.js" time="22.4800" failures="1">
    <testcase name="amp-bind chrome  Viewer environment  &quot;before each&quot; hook for &quot;should support binding to data-account&quot;" time="22.4800" classname="&quot;before each&quot; hook for &quot;should support binding to data-account&quot;">
      <failure message="Waiting for element to be located #viewer[data-loaded]
Wait timed out after 5206ms
&lt;head&gt;
    &lt;meta charset=&quot;utf-8&quot;&gt;
    &lt;title&gt;Viewer&lt;/title&gt;
    &lt;meta name=&quot;viewport&quot; content=&quot;width=device-width,initial-scale=1,minimum-scale=1,maximum-scale=1,user-scalable=no,minimal-ui&quot;&gt;
    &lt;script src=&quot;/dist/v0/examples/amp-viewer-host.js&quot;&gt;&lt;/script&gt;
    &lt;style&gt;
      body, #viewer {
        margin: 0;
        border: 0;
        padding: 0;
      }
      body,.fill {
        position: absolute;
        height: 100%;
        width: 100%;
      }
    &lt;/style&gt;
    &lt;script&gt;
      var viewer = null;
      function Viewer(url, opt_caps, simulateEmail = false) {
        this.id = &apos;viewer&apos;;
        this.url = url;
        this.stackIndex_ = 0;
        this.prerenderSize_ = 1;
        this.csi_ = 1;
        this.caps_ =
          opt_caps || &apos;a2a,focus-rect,foo,keyboard,swipe,iframeScroll&apos;;
        this.receivedMessages = [];
        this.simulateEmail = simulateEmail;

        this.container = document.body;
        this.iframe = document.createElement(&apos;iframe&apos;);
        this.iframe.setAttribute(&apos;id&apos;, this.id);
        this.iframe.setAttribute(
          &apos;sandbox&apos;,
          &apos;allow-popups allow-scripts allow-forms allow-pointer-lock&apos; +
            &apos; allow-popups-to-escape-sandbox allow-same-origin&apos;
        );
        this.iframe.setAttribute(&apos;scrolling&apos;, &apos;yes&apos;);

        if (simulateEmail) {
          this.iframe.setAttribute(&apos;height&apos;, &apos;0&apos;);
          this.iframe.setAttribute(&apos;width&apos;, &apos;0&apos;);
        } else {
          this.iframe.classList.add(&apos;fill&apos;);
        }

        window.addEventListener(&apos;resize&apos;, this.onResize_.bind(this));
        window.addEventListener(&apos;popstate&apos;, this.onPopState_.bind(this));

        this.start();
      }

      Viewer.prototype.start = function () {
        var params = {
          history: 1,
          width: this.container./*OK*/ offsetWidth,
          height: this.container./*OK*/ offsetHeight,
          prerenderSize: this.prerenderSize_,
          origin: parseUrlDeprecated(window.location.href).origin,
          csi: this.csi_,
          cap: this.caps_,
        };
        log(&apos;Params:&apos; + JSON.stringify(params));

        var inputUrl = this.url + &apos;#&apos; + paramsStr(params);
        if (window.location.hash &amp;&amp; window.location.hash.length &gt; 1) {
          inputUrl += &apos;&amp;&apos; + window.location.hash.substring(1);
        }
        var parsedUrl = parseUrlDeprecated(inputUrl);
        var url = parsedUrl.href;
        this.frameOrigin_ = parsedUrl.origin;
        log(&apos;AMP URL = &apos;, url);
        this.container.appendChild(this.iframe);

        this.ampViewerHost_ = new AmpViewerHost(
          window,
          this.iframe,
          this.frameOrigin_,
          this.processRequest_.bind(this),
          /* logs id */ this.id
        );

        setTimeout(
          function () {
            this.iframe.setAttribute(&apos;src&apos;, url);
          }.bind(this)
        );
      };

      Viewer.prototype.documentReady_ = function () {
        log(&apos;AMP document ready&apos;);
        this.iframe.dataset[&apos;loaded&apos;] = &apos;&apos;;
        return Promise.resolve();
      };

      Viewer.prototype.onScroll_ = function () {
        log(&apos;Viewer.prototype.onScroll_&apos;);
        this.ampViewerHost_.sendRequest(
          &apos;viewport&apos;,
          {
            scrollTop: this.container./*OK*/ scrollTop,
          },
          false
        );
      };

      Viewer.prototype.onResize_ = function () {
        log(
          &apos;Resized to &apos;,
          this.container./*OK*/ offsetWidth,
          this.container./*OK*/ offsetHeight,
          this.container./*OK*/ scrollTop
        );
        this.ampViewerHost_.sendRequest(
          &apos;viewport&apos;,
          {
            scrollTop: this.container./*OK*/ scrollTop,
            width: this.container./*OK*/ offsetWidth,
            height: this.container./*OK*/ offsetHeight,
          },
          false
        );
      };

      Viewer.prototype.pushHistory_ = function (stackIndex) {
        log(&apos;push history to &apos;, stackIndex);
        // Super trivial. Only one step allowed.
        if (stackIndex != this.stackIndex_ + 1) {
          throw new Error(&apos;Only one step push allowed&apos;);
        }
        this.stackIndex_ = stackIndex;
        window.history.pushState({}, &apos;&apos;);
        return Promise.resolve();
      };

      Viewer.prototype.popHistory_ = function (stackIndex) {
        log(&apos;pop history at &apos;, stackIndex);
        // Super trivial. Only one step allowed.
        if (stackIndex != this.stackIndex_) {
          throw new Error(&apos;Only one step pop allowed&apos;);
        }
        this.stackIndex_ = stackIndex;
        window.history.go(-1);
        return Promise.resolve();
      };

      Viewer.prototype.onPopState_ = function () {
        // Even more trivial. Always assumes that only one step was popped in
        // history.
        this.stackIndex_--;
        this.ampViewerHost_.sendRequest(
          &apos;historyPopped&apos;,
          {
            newStackIndex: this.stackIndex_,
          },
          false
        );
        log(&apos;history popped to &apos;, this.stackIndex_);
      };

      Viewer.prototype.scrollAmpDoc = function (scrollTop) {
        log(&apos;viewer scroll amp doc: &apos;, scrollTop);
        this.ampViewerHost_.sendRequest(&apos;scroll&apos;, {scrollTop: scrollTop}, true);
      };

      Viewer.prototype.processRequest_ = function (name, data, awaitResponse) {
        log(&apos;Viewer.prototype.processRequest_&apos;, name);
        this.receivedMessages.push({name, data});
        switch (name) {
          case &apos;documentLoaded&apos;:
            return this.documentReady_();
          case &apos;pushHistory&apos;:
            return this.pushHistory_(data.stackIndex);
          case &apos;popHistory&apos;:
            return this.popHistory_(data.stackIndex);
          case &apos;documentHeight&apos;:
            if (this.simulateEmail) {
              const {height} = data;
              this.iframe.style.height = height + &apos;px&apos;;
              this.iframe.removeAttribute(&apos;width&apos;);
            }
            return Promise.resolve();
          case &apos;broadcast&apos;:
          case &apos;bindReady&apos;:
          case &apos;focusin&apos;:
          case &apos;requestFullOverlay&apos;:
          case &apos;cancelFullOverlay&apos;:
          case &apos;unloaded&apos;:
          case &apos;tick&apos;:
          case &apos;a2aNavigate&apos;:
          case &apos;sendCsi&apos;:
          case &apos;touchstart&apos;:
          case &apos;touchmove&apos;:
          case &apos;touchend&apos;:
          case &apos;setFlushParams&apos;:
          case &apos;prerenderComplete&apos;:
          case &apos;scroll&apos;:
          case &apos;replaceHistory&apos;:
          case &apos;visibilitychange&apos;:
            return Promise.resolve();
          case &apos;xhr&apos;:
          case &apos;viewerRenderTemplate&apos;:
          default:
            return Promise.reject(&apos;Request not supported: &apos;, name);
        }
      };

      function log() {
        var var_args = Array.prototype.slice.call(arguments, 0);
        var_args.unshift(&apos;[VIEWER]&apos;);
        console /*OK*/.log
          .apply(console, var_args);
      }

      function parseUrlDeprecated(urlString) {
        var a = document.createElement(&apos;a&apos;);
        a.href = urlString;
        return {
          href: a.href,
          protocol: a.protocol,
          host: a.host,
          hostname: a.hostname,
          port: a.port == &apos;0&apos; ? &apos;&apos; : a.port,
          pathname: a.pathname,
          search: a.search,
          hash: a.hash,
          origin: a.protocol + &apos;//&apos; + a.host,
        };
      }

      function paramsStr(params) {
        var s = &apos;&apos;;
        for (var k in params) {
          var v = params[k];
          if (v === null || v === undefined) {
            continue;
          }
          if (s.length &gt; 0) {
            s += &apos;&amp;&apos;;
          }
          s += encodeURIComponent(k) + &apos;=&apos; + encodeURIComponent(v);
        }
        return s;
      }

      /**
       * Parses the query string of an URL. This method returns a simple key/value
       * map. If there are duplicate keys the latest value is returned.
       * @param {string} queryString
       * @return {!Object&lt;string&gt;}
       */
      function parseQueryString(queryString) {
        const params = Object.create(null);
        if (!queryString) {
          return params;
        }
        if (startsWith(queryString, &apos;?&apos;) || startsWith(queryString, &apos;#&apos;)) {
          queryString = queryString.substr(1);
        }
        const pairs = queryString.split(&apos;&amp;&apos;);
        for (let i = 0; i &lt; pairs.length; i++) {
          const pair = pairs[i];
          const eqIndex = pair.indexOf(&apos;=&apos;);
          let name;
          let value;
          if (eqIndex != -1) {
            name = decodeURIComponent(pair.substring(0, eqIndex)).trim();
            value = decodeURIComponent(pair.substring(eqIndex + 1)).trim();
          } else {
            name = decodeURIComponent(pair).trim();
            value = &apos;&apos;;
          }
          if (name) {
            params[name] = value;
          }
        }
        return params;
      }

      function startsWith(string, prefix) {
        return string.lastIndexOf(prefix, 0) == 0;
      }

      /**
       * @param {string} url
       * @param {string} param
       * @param {*} value
       * @return {string}
       */
      function addQueryParam(url, param, value) {
        const paramValue =
          encodeURIComponent(param) + &apos;=&apos; + encodeURIComponent(value);
        if (!url.includes(&apos;?&apos;)) {
          url += &apos;?&apos; + paramValue;
        } else {
          url += &apos;&amp;&apos; + paramValue;
        }
        return url;
      }

      function loadAmpDoc() {
        const hash = window.location.hash;
        const hashParams = parseQueryString(hash);
        const href = hashParams[&apos;href&apos;];
        const caps = hashParams[&apos;caps&apos;];
        const isEmail = &apos;true&apos; === hashParams[&apos;isEmail&apos;];

        viewer = new Viewer(
          addQueryParam(href, &apos;amp_js_v&apos;, &apos;0.1&apos;),
          caps,
          isEmail
        );
      }
      window.onload = loadAmpDoc;
    &lt;/script&gt;
  &lt;/head&gt;
  &lt;body&gt;

&lt;iframe id=&quot;viewer&quot; sandbox=&quot;allow-popups allow-scripts allow-forms allow-pointer-lock allow-popups-to-escape-sandbox allow-same-origin&quot; scrolling=&quot;yes&quot; class=&quot;fill&quot;&gt;&lt;/iframe&gt;&lt;/body&gt;" type="Error"><![CDATA[Error: Waiting for element to be located #viewer[data-loaded]
Wait timed out after 5206ms
<head>
    <meta charset="utf-8">
    <title>Viewer</title>
    <meta name="viewport" content="width=device-width,initial-scale=1,minimum-scale=1,maximum-scale=1,user-scalable=no,minimal-ui">
    <script src="/dist/v0/examples/amp-viewer-host.js"></script>
    <style>
      body, #viewer {
        margin: 0;
        border: 0;
        padding: 0;
      }
      body,.fill {
        position: absolute;
        height: 100%;
        width: 100%;
      }
    </style>
    <script>
      var viewer = null;
      function Viewer(url, opt_caps, simulateEmail = false) {
        this.id = 'viewer';
        this.url = url;
        this.stackIndex_ = 0;
        this.prerenderSize_ = 1;
        this.csi_ = 1;
        this.caps_ =
          opt_caps || 'a2a,focus-rect,foo,keyboard,swipe,iframeScroll';
        this.receivedMessages = [];
        this.simulateEmail = simulateEmail;

        this.container = document.body;
        this.iframe = document.createElement('iframe');
        this.iframe.setAttribute('id', this.id);
        this.iframe.setAttribute(
          'sandbox',
          'allow-popups allow-scripts allow-forms allow-pointer-lock' +
            ' allow-popups-to-escape-sandbox allow-same-origin'
        );
        this.iframe.setAttribute('scrolling', 'yes');

        if (simulateEmail) {
          this.iframe.setAttribute('height', '0');
          this.iframe.setAttribute('width', '0');
        } else {
          this.iframe.classList.add('fill');
        }

        window.addEventListener('resize', this.onResize_.bind(this));
        window.addEventListener('popstate', this.onPopState_.bind(this));

        this.start();
      }

      Viewer.prototype.start = function () {
        var params = {
          history: 1,
          width: this.container./*OK*/ offsetWidth,
          height: this.container./*OK*/ offsetHeight,
          prerenderSize: this.prerenderSize_,
          origin: parseUrlDeprecated(window.location.href).origin,
          csi: this.csi_,
          cap: this.caps_,
        };
        log('Params:' + JSON.stringify(params));

        var inputUrl = this.url + '#' + paramsStr(params);
        if (window.location.hash && window.location.hash.length > 1) {
          inputUrl += '&' + window.location.hash.substring(1);
        }
        var parsedUrl = parseUrlDeprecated(inputUrl);
        var url = parsedUrl.href;
        this.frameOrigin_ = parsedUrl.origin;
        log('AMP URL = ', url);
        this.container.appendChild(this.iframe);

        this.ampViewerHost_ = new AmpViewerHost(
          window,
          this.iframe,
          this.frameOrigin_,
          this.processRequest_.bind(this),
          /* logs id */ this.id
        );

        setTimeout(
          function () {
            this.iframe.setAttribute('src', url);
          }.bind(this)
        );
      };

      Viewer.prototype.documentReady_ = function () {
        log('AMP document ready');
        this.iframe.dataset['loaded'] = '';
        return Promise.resolve();
      };

      Viewer.prototype.onScroll_ = function () {
        log('Viewer.prototype.onScroll_');
        this.ampViewerHost_.sendRequest(
          'viewport',
          {
            scrollTop: this.container./*OK*/ scrollTop,
          },
          false
        );
      };

      Viewer.prototype.onResize_ = function () {
        log(
          'Resized to ',
          this.container./*OK*/ offsetWidth,
          this.container./*OK*/ offsetHeight,
          this.container./*OK*/ scrollTop
        );
        this.ampViewerHost_.sendRequest(
          'viewport',
          {
            scrollTop: this.container./*OK*/ scrollTop,
            width: this.container./*OK*/ offsetWidth,
            height: this.container./*OK*/ offsetHeight,
          },
          false
        );
      };

      Viewer.prototype.pushHistory_ = function (stackIndex) {
        log('push history to ', stackIndex);
        // Super trivial. Only one step allowed.
        if (stackIndex != this.stackIndex_ + 1) {
          throw new Error('Only one step push allowed');
        }
        this.stackIndex_ = stackIndex;
        window.history.pushState({}, '');
        return Promise.resolve();
      };

      Viewer.prototype.popHistory_ = function (stackIndex) {
        log('pop history at ', stackIndex);
        // Super trivial. Only one step allowed.
        if (stackIndex != this.stackIndex_) {
          throw new Error('Only one step pop allowed');
        }
        this.stackIndex_ = stackIndex;
        window.history.go(-1);
        return Promise.resolve();
      };

      Viewer.prototype.onPopState_ = function () {
        // Even more trivial. Always assumes that only one step was popped in
        // history.
        this.stackIndex_--;
        this.ampViewerHost_.sendRequest(
          'historyPopped',
          {
            newStackIndex: this.stackIndex_,
          },
          false
        );
        log('history popped to ', this.stackIndex_);
      };

      Viewer.prototype.scrollAmpDoc = function (scrollTop) {
        log('viewer scroll amp doc: ', scrollTop);
        this.ampViewerHost_.sendRequest('scroll', {scrollTop: scrollTop}, true);
      };

      Viewer.prototype.processRequest_ = function (name, data, awaitResponse) {
        log('Viewer.prototype.processRequest_', name);
        this.receivedMessages.push({name, data});
        switch (name) {
          case 'documentLoaded':
            return this.documentReady_();
          case 'pushHistory':
            return this.pushHistory_(data.stackIndex);
          case 'popHistory':
            return this.popHistory_(data.stackIndex);
          case 'documentHeight':
            if (this.simulateEmail) {
              const {height} = data;
              this.iframe.style.height = height + 'px';
              this.iframe.removeAttribute('width');
            }
            return Promise.resolve();
          case 'broadcast':
          case 'bindReady':
          case 'focusin':
          case 'requestFullOverlay':
          case 'cancelFullOverlay':
          case 'unloaded':
          case 'tick':
          case 'a2aNavigate':
          case 'sendCsi':
          case 'touchstart':
          case 'touchmove':
          case 'touchend':
          case 'setFlushParams':
          case 'prerenderComplete':
          case 'scroll':
          case 'replaceHistory':
          case 'visibilitychange':
            return Promise.resolve();
          case 'xhr':
          case 'viewerRenderTemplate':
          default:
            return Promise.reject('Request not supported: ', name);
        }
      };

      function log() {
        var var_args = Array.prototype.slice.call(arguments, 0);
        var_args.unshift('[VIEWER]');
        console /*OK*/.log
          .apply(console, var_args);
      }

      function parseUrlDeprecated(urlString) {
        var a = document.createElement('a');
        a.href = urlString;
        return {
          href: a.href,
          protocol: a.protocol,
          host: a.host,
          hostname: a.hostname,
          port: a.port == '0' ? '' : a.port,
          pathname: a.pathname,
          search: a.search,
          hash: a.hash,
          origin: a.protocol + '//' + a.host,
        };
      }

      function paramsStr(params) {
        var s = '';
        for (var k in params) {
          var v = params[k];
          if (v === null || v === undefined) {
            continue;
          }
          if (s.length > 0) {
            s += '&';
          }
          s += encodeURIComponent(k) + '=' + encodeURIComponent(v);
        }
        return s;
      }

      /**
       * Parses the query string of an URL. This method returns a simple key/value
       * map. If there are duplicate keys the latest value is returned.
       * @param {string} queryString
       * @return {!Object<string>}
       */
      function parseQueryString(queryString) {
        const params = Object.create(null);
        if (!queryString) {
          return params;
        }
        if (startsWith(queryString, '?') || startsWith(queryString, '#')) {
          queryString = queryString.substr(1);
        }
        const pairs = queryString.split('&');
        for (let i = 0; i < pairs.length; i++) {
          const pair = pairs[i];
          const eqIndex = pair.indexOf('=');
          let name;
          let value;
          if (eqIndex != -1) {
            name = decodeURIComponent(pair.substring(0, eqIndex)).trim();
            value = decodeURIComponent(pair.substring(eqIndex + 1)).trim();
          } else {
            name = decodeURIComponent(pair).trim();
            value = '';
          }
          if (name) {
            params[name] = value;
          }
        }
        return params;
      }

      function startsWith(string, prefix) {
        return string.lastIndexOf(prefix, 0) == 0;
      }

      /**
       * @param {string} url
       * @param {string} param
       * @param {*} value
       * @return {string}
       */
      function addQueryParam(url, param, value) {
        const paramValue =
          encodeURIComponent(param) + '=' + encodeURIComponent(value);
        if (!url.includes('?')) {
          url += '?' + paramValue;
        } else {
          url += '&' + paramValue;
        }
        return url;
      }

      function loadAmpDoc() {
        const hash = window.location.hash;
        const hashParams = parseQueryString(hash);
        const href = hashParams['href'];
        const caps = hashParams['caps'];
        const isEmail = 'true' === hashParams['isEmail'];

        viewer = new Viewer(
          addQueryParam(href, 'amp_js_v', '0.1'),
          caps,
          isEmail
        );
      }
      window.onload = loadAmpDoc;
    </script>
  </head>
  <body>

<iframe id="viewer" sandbox="allow-popups allow-scripts allow-forms allow-pointer-lock allow-popups-to-escape-sandbox allow-same-origin" scrolling="yes" class="fill"></iframe></body>
    at AmpDriver._callee7$ (build-system/tasks/e2e/amp-driver.js:321:23)
    at tryCatch (build-system/tasks/e2e/node_modules/babel-regenerator-runtime/runtime.js:61:40)
    at GeneratorFunctionPrototype.invoke [as _invoke] (build-system/tasks/e2e/node_modules/babel-regenerator-runtime/runtime.js:329:22)
    at GeneratorFunctionPrototype.prototype.<computed> [as next] (build-system/tasks/e2e/node_modules/babel-regenerator-runtime/runtime.js:94:21)
    at asyncGeneratorStep (build-system/tasks/e2e/amp-driver.js:13:103)
    at _next (build-system/tasks/e2e/amp-driver.js:15:194)
    at runMicrotasks (<anonymous>)
    at processTicksAndRejections (internal/process/task_queues.js:93:5)]]></failure>
    </testcase>
  </testsuite>
  <testsuite name=" Shadow environment " timestamp="2021-04-28T22:10:20" tests="0" file="/Users/rileyjones/amp/amphtml/test/e2e/test-amp-bind-brightcove.js" time="0.0000" failures="0">
  </testsuite>
  <testsuite name=" " timestamp="2021-04-28T22:10:20" tests="0" file="/Users/rileyjones/amp/amphtml/test/e2e/test-amp-bind-brightcove.js" time="0.0000" failures="0">
  </testsuite>
  <testsuite name="with &lt;amp-brightcove&gt;" timestamp="2021-04-28T22:10:20" tests="1" file="/Users/rileyjones/amp/amphtml/test/e2e/test-amp-bind-brightcove.js" time="5.1060" failures="1">
    <testcase name="amp-bind chrome  Shadow environment    with &lt;amp-brightcove&gt; should support binding to data-account" time="5.1060" classname="should support binding to data-account">
      <failure message="Waiting for element to be located #brightcove iframe
Wait timed out after 5099ms" type="TimeoutError"><![CDATA[TimeoutError: Waiting for element to be located #brightcove iframe
Wait timed out after 5099ms
    at /Users/rileyjones/amp/amphtml/build-system/tasks/e2e/node_modules/selenium-webdriver/lib/webdriver.js:894:17
    at runMicrotasks (<anonymous>)
    at processTicksAndRejections (internal/process/task_queues.js:93:5)]]></failure>
    </testcase>
  </testsuite>
  <testsuite name="amp-bind" timestamp="2021-04-28T22:10:26" tests="0" file="/Users/rileyjones/amp/amphtml/test/e2e/test-amp-bind-email.js" time="0.0000" failures="0">
  </testsuite>
  <testsuite name="chrome" timestamp="2021-04-28T22:10:26" tests="0" file="/Users/rileyjones/amp/amphtml/test/e2e/test-amp-bind-email.js" time="0.0000" failures="0">
  </testsuite>
  <testsuite name=" Standalone environment " timestamp="2021-04-28T22:10:26" tests="0" file="/Users/rileyjones/amp/amphtml/test/e2e/test-amp-bind-email.js" time="0.0000" failures="0">
  </testsuite>
  <testsuite name=" " timestamp="2021-04-28T22:10:26" tests="0" file="/Users/rileyjones/amp/amphtml/test/e2e/test-amp-bind-email.js" time="0.0000" failures="0">
  </testsuite>
  <testsuite name="amp4email" timestamp="2021-04-28T22:10:26" tests="2" file="/Users/rileyjones/amp/amphtml/test/e2e/test-amp-bind-email.js" time="0.0700" failures="2">
    <testcase name="amp-bind chrome  Standalone environment    amp4email should NOT allow mutation of a[href]" time="0.0320" classname="should NOT allow mutation of a[href]">
      <failure message="element not interactable
  (Session info: headless chrome=90.0.4430.93)" type="ElementNotInteractableError"><![CDATA[ElementNotInteractableError: element not interactable
  (Session info: headless chrome=90.0.4430.93)
    at Object.throwDecodedError (build-system/tasks/e2e/node_modules/selenium-webdriver/lib/error.js:517:15)
    at parseHttpResponse (build-system/tasks/e2e/node_modules/selenium-webdriver/lib/http.js:642:13)
    at Executor.execute (build-system/tasks/e2e/node_modules/selenium-webdriver/lib/http.js:568:28)
    at runMicrotasks (<anonymous>)
    at processTicksAndRejections (internal/process/task_queues.js:93:5)
    at async Driver.execute (build-system/tasks/e2e/node_modules/selenium-webdriver/lib/webdriver.js:731:17)]]></failure>
    </testcase>
    <testcase name="amp-bind chrome  Standalone environment    amp4email should NOT allow mutation of img[src]" time="0.0380" classname="should NOT allow mutation of img[src]">
      <failure message="element not interactable
  (Session info: headless chrome=90.0.4430.93)" type="ElementNotInteractableError"><![CDATA[ElementNotInteractableError: element not interactable
  (Session info: headless chrome=90.0.4430.93)
    at Object.throwDecodedError (build-system/tasks/e2e/node_modules/selenium-webdriver/lib/error.js:517:15)
    at parseHttpResponse (build-system/tasks/e2e/node_modules/selenium-webdriver/lib/http.js:642:13)
    at Executor.execute (build-system/tasks/e2e/node_modules/selenium-webdriver/lib/http.js:568:28)
    at runMicrotasks (<anonymous>)
    at processTicksAndRejections (internal/process/task_queues.js:93:5)
    at async Driver.execute (build-system/tasks/e2e/node_modules/selenium-webdriver/lib/webdriver.js:731:17)]]></failure>
    </testcase>
  </testsuite>
  <testsuite name=" Viewer environment " timestamp="2021-04-28T22:10:27" tests="0" file="/Users/rileyjones/amp/amphtml/test/e2e/test-amp-bind-email.js" time="0.0000" failures="0">
  </testsuite>
  <testsuite name=" " timestamp="2021-04-28T22:10:27" tests="0" file="/Users/rileyjones/amp/amphtml/test/e2e/test-amp-bind-email.js" time="0.0000" failures="0">
  </testsuite>
  <testsuite name="amp4email" timestamp="2021-04-28T22:10:27" tests="2" file="/Users/rileyjones/amp/amphtml/test/e2e/test-amp-bind-email.js" time="23.1500" failures="1">
    <testcase name="amp-bind chrome  Viewer environment  &quot;before each&quot; hook for &quot;should NOT allow mutation of a[href]&quot;" time="23.1500" classname="&quot;before each&quot; hook for &quot;should NOT allow mutation of a[href]&quot;">
      <failure message="Waiting for element to be located #viewer[data-loaded]
Wait timed out after 5182ms
&lt;head&gt;
    &lt;meta charset=&quot;utf-8&quot;&gt;
    &lt;title&gt;Viewer&lt;/title&gt;
    &lt;meta name=&quot;viewport&quot; content=&quot;width=device-width,initial-scale=1,minimum-scale=1,maximum-scale=1,user-scalable=no,minimal-ui&quot;&gt;
    &lt;script src=&quot;/dist/v0/examples/amp-viewer-host.js&quot;&gt;&lt;/script&gt;
    &lt;style&gt;
      body, #viewer {
        margin: 0;
        border: 0;
        padding: 0;
      }
      body,.fill {
        position: absolute;
        height: 100%;
        width: 100%;
      }
    &lt;/style&gt;
    &lt;script&gt;
      var viewer = null;
      function Viewer(url, opt_caps, simulateEmail = false) {
        this.id = &apos;viewer&apos;;
        this.url = url;
        this.stackIndex_ = 0;
        this.prerenderSize_ = 1;
        this.csi_ = 1;
        this.caps_ =
          opt_caps || &apos;a2a,focus-rect,foo,keyboard,swipe,iframeScroll&apos;;
        this.receivedMessages = [];
        this.simulateEmail = simulateEmail;

        this.container = document.body;
        this.iframe = document.createElement(&apos;iframe&apos;);
        this.iframe.setAttribute(&apos;id&apos;, this.id);
        this.iframe.setAttribute(
          &apos;sandbox&apos;,
          &apos;allow-popups allow-scripts allow-forms allow-pointer-lock&apos; +
            &apos; allow-popups-to-escape-sandbox allow-same-origin&apos;
        );
        this.iframe.setAttribute(&apos;scrolling&apos;, &apos;yes&apos;);

        if (simulateEmail) {
          this.iframe.setAttribute(&apos;height&apos;, &apos;0&apos;);
          this.iframe.setAttribute(&apos;width&apos;, &apos;0&apos;);
        } else {
          this.iframe.classList.add(&apos;fill&apos;);
        }

        window.addEventListener(&apos;resize&apos;, this.onResize_.bind(this));
        window.addEventListener(&apos;popstate&apos;, this.onPopState_.bind(this));

        this.start();
      }

      Viewer.prototype.start = function () {
        var params = {
          history: 1,
          width: this.container./*OK*/ offsetWidth,
          height: this.container./*OK*/ offsetHeight,
          prerenderSize: this.prerenderSize_,
          origin: parseUrlDeprecated(window.location.href).origin,
          csi: this.csi_,
          cap: this.caps_,
        };
        log(&apos;Params:&apos; + JSON.stringify(params));

        var inputUrl = this.url + &apos;#&apos; + paramsStr(params);
        if (window.location.hash &amp;&amp; window.location.hash.length &gt; 1) {
          inputUrl += &apos;&amp;&apos; + window.location.hash.substring(1);
        }
        var parsedUrl = parseUrlDeprecated(inputUrl);
        var url = parsedUrl.href;
        this.frameOrigin_ = parsedUrl.origin;
        log(&apos;AMP URL = &apos;, url);
        this.container.appendChild(this.iframe);

        this.ampViewerHost_ = new AmpViewerHost(
          window,
          this.iframe,
          this.frameOrigin_,
          this.processRequest_.bind(this),
          /* logs id */ this.id
        );

        setTimeout(
          function () {
            this.iframe.setAttribute(&apos;src&apos;, url);
          }.bind(this)
        );
      };

      Viewer.prototype.documentReady_ = function () {
        log(&apos;AMP document ready&apos;);
        this.iframe.dataset[&apos;loaded&apos;] = &apos;&apos;;
        return Promise.resolve();
      };

      Viewer.prototype.onScroll_ = function () {
        log(&apos;Viewer.prototype.onScroll_&apos;);
        this.ampViewerHost_.sendRequest(
          &apos;viewport&apos;,
          {
            scrollTop: this.container./*OK*/ scrollTop,
          },
          false
        );
      };

      Viewer.prototype.onResize_ = function () {
        log(
          &apos;Resized to &apos;,
          this.container./*OK*/ offsetWidth,
          this.container./*OK*/ offsetHeight,
          this.container./*OK*/ scrollTop
        );
        this.ampViewerHost_.sendRequest(
          &apos;viewport&apos;,
          {
            scrollTop: this.container./*OK*/ scrollTop,
            width: this.container./*OK*/ offsetWidth,
            height: this.container./*OK*/ offsetHeight,
          },
          false
        );
      };

      Viewer.prototype.pushHistory_ = function (stackIndex) {
        log(&apos;push history to &apos;, stackIndex);
        // Super trivial. Only one step allowed.
        if (stackIndex != this.stackIndex_ + 1) {
          throw new Error(&apos;Only one step push allowed&apos;);
        }
        this.stackIndex_ = stackIndex;
        window.history.pushState({}, &apos;&apos;);
        return Promise.resolve();
      };

      Viewer.prototype.popHistory_ = function (stackIndex) {
        log(&apos;pop history at &apos;, stackIndex);
        // Super trivial. Only one step allowed.
        if (stackIndex != this.stackIndex_) {
          throw new Error(&apos;Only one step pop allowed&apos;);
        }
        this.stackIndex_ = stackIndex;
        window.history.go(-1);
        return Promise.resolve();
      };

      Viewer.prototype.onPopState_ = function () {
        // Even more trivial. Always assumes that only one step was popped in
        // history.
        this.stackIndex_--;
        this.ampViewerHost_.sendRequest(
          &apos;historyPopped&apos;,
          {
            newStackIndex: this.stackIndex_,
          },
          false
        );
        log(&apos;history popped to &apos;, this.stackIndex_);
      };

      Viewer.prototype.scrollAmpDoc = function (scrollTop) {
        log(&apos;viewer scroll amp doc: &apos;, scrollTop);
        this.ampViewerHost_.sendRequest(&apos;scroll&apos;, {scrollTop: scrollTop}, true);
      };

      Viewer.prototype.processRequest_ = function (name, data, awaitResponse) {
        log(&apos;Viewer.prototype.processRequest_&apos;, name);
        this.receivedMessages.push({name, data});
        switch (name) {
          case &apos;documentLoaded&apos;:
            return this.documentReady_();
          case &apos;pushHistory&apos;:
            return this.pushHistory_(data.stackIndex);
          case &apos;popHistory&apos;:
            return this.popHistory_(data.stackIndex);
          case &apos;documentHeight&apos;:
            if (this.simulateEmail) {
              const {height} = data;
              this.iframe.style.height = height + &apos;px&apos;;
              this.iframe.removeAttribute(&apos;width&apos;);
            }
            return Promise.resolve();
          case &apos;broadcast&apos;:
          case &apos;bindReady&apos;:
          case &apos;focusin&apos;:
          case &apos;requestFullOverlay&apos;:
          case &apos;cancelFullOverlay&apos;:
          case &apos;unloaded&apos;:
          case &apos;tick&apos;:
          case &apos;a2aNavigate&apos;:
          case &apos;sendCsi&apos;:
          case &apos;touchstart&apos;:
          case &apos;touchmove&apos;:
          case &apos;touchend&apos;:
          case &apos;setFlushParams&apos;:
          case &apos;prerenderComplete&apos;:
          case &apos;scroll&apos;:
          case &apos;replaceHistory&apos;:
          case &apos;visibilitychange&apos;:
            return Promise.resolve();
          case &apos;xhr&apos;:
          case &apos;viewerRenderTemplate&apos;:
          default:
            return Promise.reject(&apos;Request not supported: &apos;, name);
        }
      };

      function log() {
        var var_args = Array.prototype.slice.call(arguments, 0);
        var_args.unshift(&apos;[VIEWER]&apos;);
        console /*OK*/.log
          .apply(console, var_args);
      }

      function parseUrlDeprecated(urlString) {
        var a = document.createElement(&apos;a&apos;);
        a.href = urlString;
        return {
          href: a.href,
          protocol: a.protocol,
          host: a.host,
          hostname: a.hostname,
          port: a.port == &apos;0&apos; ? &apos;&apos; : a.port,
          pathname: a.pathname,
          search: a.search,
          hash: a.hash,
          origin: a.protocol + &apos;//&apos; + a.host,
        };
      }

      function paramsStr(params) {
        var s = &apos;&apos;;
        for (var k in params) {
          var v = params[k];
          if (v === null || v === undefined) {
            continue;
          }
          if (s.length &gt; 0) {
            s += &apos;&amp;&apos;;
          }
          s += encodeURIComponent(k) + &apos;=&apos; + encodeURIComponent(v);
        }
        return s;
      }

      /**
       * Parses the query string of an URL. This method returns a simple key/value
       * map. If there are duplicate keys the latest value is returned.
       * @param {string} queryString
       * @return {!Object&lt;string&gt;}
       */
      function parseQueryString(queryString) {
        const params = Object.create(null);
        if (!queryString) {
          return params;
        }
        if (startsWith(queryString, &apos;?&apos;) || startsWith(queryString, &apos;#&apos;)) {
          queryString = queryString.substr(1);
        }
        const pairs = queryString.split(&apos;&amp;&apos;);
        for (let i = 0; i &lt; pairs.length; i++) {
          const pair = pairs[i];
          const eqIndex = pair.indexOf(&apos;=&apos;);
          let name;
          let value;
          if (eqIndex != -1) {
            name = decodeURIComponent(pair.substring(0, eqIndex)).trim();
            value = decodeURIComponent(pair.substring(eqIndex + 1)).trim();
          } else {
            name = decodeURIComponent(pair).trim();
            value = &apos;&apos;;
          }
          if (name) {
            params[name] = value;
          }
        }
        return params;
      }

      function startsWith(string, prefix) {
        return string.lastIndexOf(prefix, 0) == 0;
      }

      /**
       * @param {string} url
       * @param {string} param
       * @param {*} value
       * @return {string}
       */
      function addQueryParam(url, param, value) {
        const paramValue =
          encodeURIComponent(param) + &apos;=&apos; + encodeURIComponent(value);
        if (!url.includes(&apos;?&apos;)) {
          url += &apos;?&apos; + paramValue;
        } else {
          url += &apos;&amp;&apos; + paramValue;
        }
        return url;
      }

      function loadAmpDoc() {
        const hash = window.location.hash;
        const hashParams = parseQueryString(hash);
        const href = hashParams[&apos;href&apos;];
        const caps = hashParams[&apos;caps&apos;];
        const isEmail = &apos;true&apos; === hashParams[&apos;isEmail&apos;];

        viewer = new Viewer(
          addQueryParam(href, &apos;amp_js_v&apos;, &apos;0.1&apos;),
          caps,
          isEmail
        );
      }
      window.onload = loadAmpDoc;
    &lt;/script&gt;
  &lt;/head&gt;
  &lt;body&gt;

&lt;iframe id=&quot;viewer&quot; sandbox=&quot;allow-popups allow-scripts allow-forms allow-pointer-lock allow-popups-to-escape-sandbox allow-same-origin&quot; scrolling=&quot;yes&quot; class=&quot;fill&quot;&gt;&lt;/iframe&gt;&lt;/body&gt;" type="Error"><![CDATA[Error: Waiting for element to be located #viewer[data-loaded]
Wait timed out after 5182ms
<head>
    <meta charset="utf-8">
    <title>Viewer</title>
    <meta name="viewport" content="width=device-width,initial-scale=1,minimum-scale=1,maximum-scale=1,user-scalable=no,minimal-ui">
    <script src="/dist/v0/examples/amp-viewer-host.js"></script>
    <style>
      body, #viewer {
        margin: 0;
        border: 0;
        padding: 0;
      }
      body,.fill {
        position: absolute;
        height: 100%;
        width: 100%;
      }
    </style>
    <script>
      var viewer = null;
      function Viewer(url, opt_caps, simulateEmail = false) {
        this.id = 'viewer';
        this.url = url;
        this.stackIndex_ = 0;
        this.prerenderSize_ = 1;
        this.csi_ = 1;
        this.caps_ =
          opt_caps || 'a2a,focus-rect,foo,keyboard,swipe,iframeScroll';
        this.receivedMessages = [];
        this.simulateEmail = simulateEmail;

        this.container = document.body;
        this.iframe = document.createElement('iframe');
        this.iframe.setAttribute('id', this.id);
        this.iframe.setAttribute(
          'sandbox',
          'allow-popups allow-scripts allow-forms allow-pointer-lock' +
            ' allow-popups-to-escape-sandbox allow-same-origin'
        );
        this.iframe.setAttribute('scrolling', 'yes');

        if (simulateEmail) {
          this.iframe.setAttribute('height', '0');
          this.iframe.setAttribute('width', '0');
        } else {
          this.iframe.classList.add('fill');
        }

        window.addEventListener('resize', this.onResize_.bind(this));
        window.addEventListener('popstate', this.onPopState_.bind(this));

        this.start();
      }

      Viewer.prototype.start = function () {
        var params = {
          history: 1,
          width: this.container./*OK*/ offsetWidth,
          height: this.container./*OK*/ offsetHeight,
          prerenderSize: this.prerenderSize_,
          origin: parseUrlDeprecated(window.location.href).origin,
          csi: this.csi_,
          cap: this.caps_,
        };
        log('Params:' + JSON.stringify(params));

        var inputUrl = this.url + '#' + paramsStr(params);
        if (window.location.hash && window.location.hash.length > 1) {
          inputUrl += '&' + window.location.hash.substring(1);
        }
        var parsedUrl = parseUrlDeprecated(inputUrl);
        var url = parsedUrl.href;
        this.frameOrigin_ = parsedUrl.origin;
        log('AMP URL = ', url);
        this.container.appendChild(this.iframe);

        this.ampViewerHost_ = new AmpViewerHost(
          window,
          this.iframe,
          this.frameOrigin_,
          this.processRequest_.bind(this),
          /* logs id */ this.id
        );

        setTimeout(
          function () {
            this.iframe.setAttribute('src', url);
          }.bind(this)
        );
      };

      Viewer.prototype.documentReady_ = function () {
        log('AMP document ready');
        this.iframe.dataset['loaded'] = '';
        return Promise.resolve();
      };

      Viewer.prototype.onScroll_ = function () {
        log('Viewer.prototype.onScroll_');
        this.ampViewerHost_.sendRequest(
          'viewport',
          {
            scrollTop: this.container./*OK*/ scrollTop,
          },
          false
        );
      };

      Viewer.prototype.onResize_ = function () {
        log(
          'Resized to ',
          this.container./*OK*/ offsetWidth,
          this.container./*OK*/ offsetHeight,
          this.container./*OK*/ scrollTop
        );
        this.ampViewerHost_.sendRequest(
          'viewport',
          {
            scrollTop: this.container./*OK*/ scrollTop,
            width: this.container./*OK*/ offsetWidth,
            height: this.container./*OK*/ offsetHeight,
          },
          false
        );
      };

      Viewer.prototype.pushHistory_ = function (stackIndex) {
        log('push history to ', stackIndex);
        // Super trivial. Only one step allowed.
        if (stackIndex != this.stackIndex_ + 1) {
          throw new Error('Only one step push allowed');
        }
        this.stackIndex_ = stackIndex;
        window.history.pushState({}, '');
        return Promise.resolve();
      };

      Viewer.prototype.popHistory_ = function (stackIndex) {
        log('pop history at ', stackIndex);
        // Super trivial. Only one step allowed.
        if (stackIndex != this.stackIndex_) {
          throw new Error('Only one step pop allowed');
        }
        this.stackIndex_ = stackIndex;
        window.history.go(-1);
        return Promise.resolve();
      };

      Viewer.prototype.onPopState_ = function () {
        // Even more trivial. Always assumes that only one step was popped in
        // history.
        this.stackIndex_--;
        this.ampViewerHost_.sendRequest(
          'historyPopped',
          {
            newStackIndex: this.stackIndex_,
          },
          false
        );
        log('history popped to ', this.stackIndex_);
      };

      Viewer.prototype.scrollAmpDoc = function (scrollTop) {
        log('viewer scroll amp doc: ', scrollTop);
        this.ampViewerHost_.sendRequest('scroll', {scrollTop: scrollTop}, true);
      };

      Viewer.prototype.processRequest_ = function (name, data, awaitResponse) {
        log('Viewer.prototype.processRequest_', name);
        this.receivedMessages.push({name, data});
        switch (name) {
          case 'documentLoaded':
            return this.documentReady_();
          case 'pushHistory':
            return this.pushHistory_(data.stackIndex);
          case 'popHistory':
            return this.popHistory_(data.stackIndex);
          case 'documentHeight':
            if (this.simulateEmail) {
              const {height} = data;
              this.iframe.style.height = height + 'px';
              this.iframe.removeAttribute('width');
            }
            return Promise.resolve();
          case 'broadcast':
          case 'bindReady':
          case 'focusin':
          case 'requestFullOverlay':
          case 'cancelFullOverlay':
          case 'unloaded':
          case 'tick':
          case 'a2aNavigate':
          case 'sendCsi':
          case 'touchstart':
          case 'touchmove':
          case 'touchend':
          case 'setFlushParams':
          case 'prerenderComplete':
          case 'scroll':
          case 'replaceHistory':
          case 'visibilitychange':
            return Promise.resolve();
          case 'xhr':
          case 'viewerRenderTemplate':
          default:
            return Promise.reject('Request not supported: ', name);
        }
      };

      function log() {
        var var_args = Array.prototype.slice.call(arguments, 0);
        var_args.unshift('[VIEWER]');
        console /*OK*/.log
          .apply(console, var_args);
      }

      function parseUrlDeprecated(urlString) {
        var a = document.createElement('a');
        a.href = urlString;
        return {
          href: a.href,
          protocol: a.protocol,
          host: a.host,
          hostname: a.hostname,
          port: a.port == '0' ? '' : a.port,
          pathname: a.pathname,
          search: a.search,
          hash: a.hash,
          origin: a.protocol + '//' + a.host,
        };
      }

      function paramsStr(params) {
        var s = '';
        for (var k in params) {
          var v = params[k];
          if (v === null || v === undefined) {
            continue;
          }
          if (s.length > 0) {
            s += '&';
          }
          s += encodeURIComponent(k) + '=' + encodeURIComponent(v);
        }
        return s;
      }

      /**
       * Parses the query string of an URL. This method returns a simple key/value
       * map. If there are duplicate keys the latest value is returned.
       * @param {string} queryString
       * @return {!Object<string>}
       */
      function parseQueryString(queryString) {
        const params = Object.create(null);
        if (!queryString) {
          return params;
        }
        if (startsWith(queryString, '?') || startsWith(queryString, '#')) {
          queryString = queryString.substr(1);
        }
        const pairs = queryString.split('&');
        for (let i = 0; i < pairs.length; i++) {
          const pair = pairs[i];
          const eqIndex = pair.indexOf('=');
          let name;
          let value;
          if (eqIndex != -1) {
            name = decodeURIComponent(pair.substring(0, eqIndex)).trim();
            value = decodeURIComponent(pair.substring(eqIndex + 1)).trim();
          } else {
            name = decodeURIComponent(pair).trim();
            value = '';
          }
          if (name) {
            params[name] = value;
          }
        }
        return params;
      }

      function startsWith(string, prefix) {
        return string.lastIndexOf(prefix, 0) == 0;
      }

      /**
       * @param {string} url
       * @param {string} param
       * @param {*} value
       * @return {string}
       */
      function addQueryParam(url, param, value) {
        const paramValue =
          encodeURIComponent(param) + '=' + encodeURIComponent(value);
        if (!url.includes('?')) {
          url += '?' + paramValue;
        } else {
          url += '&' + paramValue;
        }
        return url;
      }

      function loadAmpDoc() {
        const hash = window.location.hash;
        const hashParams = parseQueryString(hash);
        const href = hashParams['href'];
        const caps = hashParams['caps'];
        const isEmail = 'true' === hashParams['isEmail'];

        viewer = new Viewer(
          addQueryParam(href, 'amp_js_v', '0.1'),
          caps,
          isEmail
        );
      }
      window.onload = loadAmpDoc;
    </script>
  </head>
  <body>

<iframe id="viewer" sandbox="allow-popups allow-scripts allow-forms allow-pointer-lock allow-popups-to-escape-sandbox allow-same-origin" scrolling="yes" class="fill"></iframe></body>
    at AmpDriver._callee7$ (build-system/tasks/e2e/amp-driver.js:321:23)
    at tryCatch (build-system/tasks/e2e/node_modules/babel-regenerator-runtime/runtime.js:61:40)
    at GeneratorFunctionPrototype.invoke [as _invoke] (build-system/tasks/e2e/node_modules/babel-regenerator-runtime/runtime.js:329:22)
    at GeneratorFunctionPrototype.prototype.<computed> [as next] (build-system/tasks/e2e/node_modules/babel-regenerator-runtime/runtime.js:94:21)
    at asyncGeneratorStep (build-system/tasks/e2e/amp-driver.js:13:103)
    at _next (build-system/tasks/e2e/amp-driver.js:15:194)
    at runMicrotasks (<anonymous>)
    at processTicksAndRejections (internal/process/task_queues.js:93:5)]]></failure>
    </testcase>
  </testsuite>
  <testsuite name=" Shadow environment " timestamp="2021-04-28T22:10:50" tests="0" file="/Users/rileyjones/amp/amphtml/test/e2e/test-amp-bind-email.js" time="0.0000" failures="0">
  </testsuite>
  <testsuite name=" " timestamp="2021-04-28T22:10:50" tests="0" file="/Users/rileyjones/amp/amphtml/test/e2e/test-amp-bind-email.js" time="0.0000" failures="0">
  </testsuite>
  <testsuite name="amp4email" timestamp="2021-04-28T22:10:50" tests="2" file="/Users/rileyjones/amp/amphtml/test/e2e/test-amp-bind-email.js" time="0.0000" failures="0">
  </testsuite>
  <testsuite name="amp-bind" timestamp="2021-04-28T22:10:50" tests="0" file="/Users/rileyjones/amp/amphtml/test/e2e/test-amp-bind-form.js" time="0.0000" failures="0">
  </testsuite>
  <testsuite name="chrome" timestamp="2021-04-28T22:10:50" tests="0" file="/Users/rileyjones/amp/amphtml/test/e2e/test-amp-bind-form.js" time="0.0000" failures="0">
  </testsuite>
  <testsuite name=" Standalone environment " timestamp="2021-04-28T22:10:50" tests="0" file="/Users/rileyjones/amp/amphtml/test/e2e/test-amp-bind-form.js" time="0.0000" failures="0">
  </testsuite>
  <testsuite name=" " timestamp="2021-04-28T22:10:50" tests="0" file="/Users/rileyjones/amp/amphtml/test/e2e/test-amp-bind-form.js" time="0.0000" failures="0">
  </testsuite>
  <testsuite name="with &lt;amp-form&gt;" timestamp="2021-04-28T22:10:50" tests="1" file="/Users/rileyjones/amp/amphtml/test/e2e/test-amp-bind-form.js" time="0.0790" failures="1">
    <testcase name="amp-bind chrome  Standalone environment    with &lt;amp-form&gt; should NOT allow invalid bindings or values" time="0.0790" classname="should NOT allow invalid bindings or values">
      <failure message="element not interactable
  (Session info: headless chrome=90.0.4430.93)" type="ElementNotInteractableError"><![CDATA[ElementNotInteractableError: element not interactable
  (Session info: headless chrome=90.0.4430.93)
    at Object.throwDecodedError (build-system/tasks/e2e/node_modules/selenium-webdriver/lib/error.js:517:15)
    at parseHttpResponse (build-system/tasks/e2e/node_modules/selenium-webdriver/lib/http.js:642:13)
    at Executor.execute (build-system/tasks/e2e/node_modules/selenium-webdriver/lib/http.js:568:28)
    at runMicrotasks (<anonymous>)
    at processTicksAndRejections (internal/process/task_queues.js:93:5)
    at async Driver.execute (build-system/tasks/e2e/node_modules/selenium-webdriver/lib/webdriver.js:731:17)]]></failure>
    </testcase>
  </testsuite>
  <testsuite name=" Viewer environment " timestamp="2021-04-28T22:10:51" tests="0" file="/Users/rileyjones/amp/amphtml/test/e2e/test-amp-bind-form.js" time="0.0000" failures="0">
  </testsuite>
  <testsuite name=" " timestamp="2021-04-28T22:10:51" tests="0" file="/Users/rileyjones/amp/amphtml/test/e2e/test-amp-bind-form.js" time="0.0000" failures="0">
  </testsuite>
  <testsuite name="with &lt;amp-form&gt;" timestamp="2021-04-28T22:10:51" tests="1" file="/Users/rileyjones/amp/amphtml/test/e2e/test-amp-bind-form.js" time="22.7030" failures="1">
    <testcase name="amp-bind chrome  Viewer environment  &quot;before each&quot; hook for &quot;should NOT allow invalid bindings or values&quot;" time="22.7030" classname="&quot;before each&quot; hook for &quot;should NOT allow invalid bindings or values&quot;">
      <failure message="Waiting for element to be located #viewer[data-loaded]
Wait timed out after 5174ms
&lt;head&gt;
    &lt;meta charset=&quot;utf-8&quot;&gt;
    &lt;title&gt;Viewer&lt;/title&gt;
    &lt;meta name=&quot;viewport&quot; content=&quot;width=device-width,initial-scale=1,minimum-scale=1,maximum-scale=1,user-scalable=no,minimal-ui&quot;&gt;
    &lt;script src=&quot;/dist/v0/examples/amp-viewer-host.js&quot;&gt;&lt;/script&gt;
    &lt;style&gt;
      body, #viewer {
        margin: 0;
        border: 0;
        padding: 0;
      }
      body,.fill {
        position: absolute;
        height: 100%;
        width: 100%;
      }
    &lt;/style&gt;
    &lt;script&gt;
      var viewer = null;
      function Viewer(url, opt_caps, simulateEmail = false) {
        this.id = &apos;viewer&apos;;
        this.url = url;
        this.stackIndex_ = 0;
        this.prerenderSize_ = 1;
        this.csi_ = 1;
        this.caps_ =
          opt_caps || &apos;a2a,focus-rect,foo,keyboard,swipe,iframeScroll&apos;;
        this.receivedMessages = [];
        this.simulateEmail = simulateEmail;

        this.container = document.body;
        this.iframe = document.createElement(&apos;iframe&apos;);
        this.iframe.setAttribute(&apos;id&apos;, this.id);
        this.iframe.setAttribute(
          &apos;sandbox&apos;,
          &apos;allow-popups allow-scripts allow-forms allow-pointer-lock&apos; +
            &apos; allow-popups-to-escape-sandbox allow-same-origin&apos;
        );
        this.iframe.setAttribute(&apos;scrolling&apos;, &apos;yes&apos;);

        if (simulateEmail) {
          this.iframe.setAttribute(&apos;height&apos;, &apos;0&apos;);
          this.iframe.setAttribute(&apos;width&apos;, &apos;0&apos;);
        } else {
          this.iframe.classList.add(&apos;fill&apos;);
        }

        window.addEventListener(&apos;resize&apos;, this.onResize_.bind(this));
        window.addEventListener(&apos;popstate&apos;, this.onPopState_.bind(this));

        this.start();
      }

      Viewer.prototype.start = function () {
        var params = {
          history: 1,
          width: this.container./*OK*/ offsetWidth,
          height: this.container./*OK*/ offsetHeight,
          prerenderSize: this.prerenderSize_,
          origin: parseUrlDeprecated(window.location.href).origin,
          csi: this.csi_,
          cap: this.caps_,
        };
        log(&apos;Params:&apos; + JSON.stringify(params));

        var inputUrl = this.url + &apos;#&apos; + paramsStr(params);
        if (window.location.hash &amp;&amp; window.location.hash.length &gt; 1) {
          inputUrl += &apos;&amp;&apos; + window.location.hash.substring(1);
        }
        var parsedUrl = parseUrlDeprecated(inputUrl);
        var url = parsedUrl.href;
        this.frameOrigin_ = parsedUrl.origin;
        log(&apos;AMP URL = &apos;, url);
        this.container.appendChild(this.iframe);

        this.ampViewerHost_ = new AmpViewerHost(
          window,
          this.iframe,
          this.frameOrigin_,
          this.processRequest_.bind(this),
          /* logs id */ this.id
        );

        setTimeout(
          function () {
            this.iframe.setAttribute(&apos;src&apos;, url);
          }.bind(this)
        );
      };

      Viewer.prototype.documentReady_ = function () {
        log(&apos;AMP document ready&apos;);
        this.iframe.dataset[&apos;loaded&apos;] = &apos;&apos;;
        return Promise.resolve();
      };

      Viewer.prototype.onScroll_ = function () {
        log(&apos;Viewer.prototype.onScroll_&apos;);
        this.ampViewerHost_.sendRequest(
          &apos;viewport&apos;,
          {
            scrollTop: this.container./*OK*/ scrollTop,
          },
          false
        );
      };

      Viewer.prototype.onResize_ = function () {
        log(
          &apos;Resized to &apos;,
          this.container./*OK*/ offsetWidth,
          this.container./*OK*/ offsetHeight,
          this.container./*OK*/ scrollTop
        );
        this.ampViewerHost_.sendRequest(
          &apos;viewport&apos;,
          {
            scrollTop: this.container./*OK*/ scrollTop,
            width: this.container./*OK*/ offsetWidth,
            height: this.container./*OK*/ offsetHeight,
          },
          false
        );
      };

      Viewer.prototype.pushHistory_ = function (stackIndex) {
        log(&apos;push history to &apos;, stackIndex);
        // Super trivial. Only one step allowed.
        if (stackIndex != this.stackIndex_ + 1) {
          throw new Error(&apos;Only one step push allowed&apos;);
        }
        this.stackIndex_ = stackIndex;
        window.history.pushState({}, &apos;&apos;);
        return Promise.resolve();
      };

      Viewer.prototype.popHistory_ = function (stackIndex) {
        log(&apos;pop history at &apos;, stackIndex);
        // Super trivial. Only one step allowed.
        if (stackIndex != this.stackIndex_) {
          throw new Error(&apos;Only one step pop allowed&apos;);
        }
        this.stackIndex_ = stackIndex;
        window.history.go(-1);
        return Promise.resolve();
      };

      Viewer.prototype.onPopState_ = function () {
        // Even more trivial. Always assumes that only one step was popped in
        // history.
        this.stackIndex_--;
        this.ampViewerHost_.sendRequest(
          &apos;historyPopped&apos;,
          {
            newStackIndex: this.stackIndex_,
          },
          false
        );
        log(&apos;history popped to &apos;, this.stackIndex_);
      };

      Viewer.prototype.scrollAmpDoc = function (scrollTop) {
        log(&apos;viewer scroll amp doc: &apos;, scrollTop);
        this.ampViewerHost_.sendRequest(&apos;scroll&apos;, {scrollTop: scrollTop}, true);
      };

      Viewer.prototype.processRequest_ = function (name, data, awaitResponse) {
        log(&apos;Viewer.prototype.processRequest_&apos;, name);
        this.receivedMessages.push({name, data});
        switch (name) {
          case &apos;documentLoaded&apos;:
            return this.documentReady_();
          case &apos;pushHistory&apos;:
            return this.pushHistory_(data.stackIndex);
          case &apos;popHistory&apos;:
            return this.popHistory_(data.stackIndex);
          case &apos;documentHeight&apos;:
            if (this.simulateEmail) {
              const {height} = data;
              this.iframe.style.height = height + &apos;px&apos;;
              this.iframe.removeAttribute(&apos;width&apos;);
            }
            return Promise.resolve();
          case &apos;broadcast&apos;:
          case &apos;bindReady&apos;:
          case &apos;focusin&apos;:
          case &apos;requestFullOverlay&apos;:
          case &apos;cancelFullOverlay&apos;:
          case &apos;unloaded&apos;:
          case &apos;tick&apos;:
          case &apos;a2aNavigate&apos;:
          case &apos;sendCsi&apos;:
          case &apos;touchstart&apos;:
          case &apos;touchmove&apos;:
          case &apos;touchend&apos;:
          case &apos;setFlushParams&apos;:
          case &apos;prerenderComplete&apos;:
          case &apos;scroll&apos;:
          case &apos;replaceHistory&apos;:
          case &apos;visibilitychange&apos;:
            return Promise.resolve();
          case &apos;xhr&apos;:
          case &apos;viewerRenderTemplate&apos;:
          default:
            return Promise.reject(&apos;Request not supported: &apos;, name);
        }
      };

      function log() {
        var var_args = Array.prototype.slice.call(arguments, 0);
        var_args.unshift(&apos;[VIEWER]&apos;);
        console /*OK*/.log
          .apply(console, var_args);
      }

      function parseUrlDeprecated(urlString) {
        var a = document.createElement(&apos;a&apos;);
        a.href = urlString;
        return {
          href: a.href,
          protocol: a.protocol,
          host: a.host,
          hostname: a.hostname,
          port: a.port == &apos;0&apos; ? &apos;&apos; : a.port,
          pathname: a.pathname,
          search: a.search,
          hash: a.hash,
          origin: a.protocol + &apos;//&apos; + a.host,
        };
      }

      function paramsStr(params) {
        var s = &apos;&apos;;
        for (var k in params) {
          var v = params[k];
          if (v === null || v === undefined) {
            continue;
          }
          if (s.length &gt; 0) {
            s += &apos;&amp;&apos;;
          }
          s += encodeURIComponent(k) + &apos;=&apos; + encodeURIComponent(v);
        }
        return s;
      }

      /**
       * Parses the query string of an URL. This method returns a simple key/value
       * map. If there are duplicate keys the latest value is returned.
       * @param {string} queryString
       * @return {!Object&lt;string&gt;}
       */
      function parseQueryString(queryString) {
        const params = Object.create(null);
        if (!queryString) {
          return params;
        }
        if (startsWith(queryString, &apos;?&apos;) || startsWith(queryString, &apos;#&apos;)) {
          queryString = queryString.substr(1);
        }
        const pairs = queryString.split(&apos;&amp;&apos;);
        for (let i = 0; i &lt; pairs.length; i++) {
          const pair = pairs[i];
          const eqIndex = pair.indexOf(&apos;=&apos;);
          let name;
          let value;
          if (eqIndex != -1) {
            name = decodeURIComponent(pair.substring(0, eqIndex)).trim();
            value = decodeURIComponent(pair.substring(eqIndex + 1)).trim();
          } else {
            name = decodeURIComponent(pair).trim();
            value = &apos;&apos;;
          }
          if (name) {
            params[name] = value;
          }
        }
        return params;
      }

      function startsWith(string, prefix) {
        return string.lastIndexOf(prefix, 0) == 0;
      }

      /**
       * @param {string} url
       * @param {string} param
       * @param {*} value
       * @return {string}
       */
      function addQueryParam(url, param, value) {
        const paramValue =
          encodeURIComponent(param) + &apos;=&apos; + encodeURIComponent(value);
        if (!url.includes(&apos;?&apos;)) {
          url += &apos;?&apos; + paramValue;
        } else {
          url += &apos;&amp;&apos; + paramValue;
        }
        return url;
      }

      function loadAmpDoc() {
        const hash = window.location.hash;
        const hashParams = parseQueryString(hash);
        const href = hashParams[&apos;href&apos;];
        const caps = hashParams[&apos;caps&apos;];
        const isEmail = &apos;true&apos; === hashParams[&apos;isEmail&apos;];

        viewer = new Viewer(
          addQueryParam(href, &apos;amp_js_v&apos;, &apos;0.1&apos;),
          caps,
          isEmail
        );
      }
      window.onload = loadAmpDoc;
    &lt;/script&gt;
  &lt;/head&gt;
  &lt;body&gt;

&lt;iframe id=&quot;viewer&quot; sandbox=&quot;allow-popups allow-scripts allow-forms allow-pointer-lock allow-popups-to-escape-sandbox allow-same-origin&quot; scrolling=&quot;yes&quot; class=&quot;fill&quot;&gt;&lt;/iframe&gt;&lt;/body&gt;" type="Error"><![CDATA[Error: Waiting for element to be located #viewer[data-loaded]
Wait timed out after 5174ms
<head>
    <meta charset="utf-8">
    <title>Viewer</title>
    <meta name="viewport" content="width=device-width,initial-scale=1,minimum-scale=1,maximum-scale=1,user-scalable=no,minimal-ui">
    <script src="/dist/v0/examples/amp-viewer-host.js"></script>
    <style>
      body, #viewer {
        margin: 0;
        border: 0;
        padding: 0;
      }
      body,.fill {
        position: absolute;
        height: 100%;
        width: 100%;
      }
    </style>
    <script>
      var viewer = null;
      function Viewer(url, opt_caps, simulateEmail = false) {
        this.id = 'viewer';
        this.url = url;
        this.stackIndex_ = 0;
        this.prerenderSize_ = 1;
        this.csi_ = 1;
        this.caps_ =
          opt_caps || 'a2a,focus-rect,foo,keyboard,swipe,iframeScroll';
        this.receivedMessages = [];
        this.simulateEmail = simulateEmail;

        this.container = document.body;
        this.iframe = document.createElement('iframe');
        this.iframe.setAttribute('id', this.id);
        this.iframe.setAttribute(
          'sandbox',
          'allow-popups allow-scripts allow-forms allow-pointer-lock' +
            ' allow-popups-to-escape-sandbox allow-same-origin'
        );
        this.iframe.setAttribute('scrolling', 'yes');

        if (simulateEmail) {
          this.iframe.setAttribute('height', '0');
          this.iframe.setAttribute('width', '0');
        } else {
          this.iframe.classList.add('fill');
        }

        window.addEventListener('resize', this.onResize_.bind(this));
        window.addEventListener('popstate', this.onPopState_.bind(this));

        this.start();
      }

      Viewer.prototype.start = function () {
        var params = {
          history: 1,
          width: this.container./*OK*/ offsetWidth,
          height: this.container./*OK*/ offsetHeight,
          prerenderSize: this.prerenderSize_,
          origin: parseUrlDeprecated(window.location.href).origin,
          csi: this.csi_,
          cap: this.caps_,
        };
        log('Params:' + JSON.stringify(params));

        var inputUrl = this.url + '#' + paramsStr(params);
        if (window.location.hash && window.location.hash.length > 1) {
          inputUrl += '&' + window.location.hash.substring(1);
        }
        var parsedUrl = parseUrlDeprecated(inputUrl);
        var url = parsedUrl.href;
        this.frameOrigin_ = parsedUrl.origin;
        log('AMP URL = ', url);
        this.container.appendChild(this.iframe);

        this.ampViewerHost_ = new AmpViewerHost(
          window,
          this.iframe,
          this.frameOrigin_,
          this.processRequest_.bind(this),
          /* logs id */ this.id
        );

        setTimeout(
          function () {
            this.iframe.setAttribute('src', url);
          }.bind(this)
        );
      };

      Viewer.prototype.documentReady_ = function () {
        log('AMP document ready');
        this.iframe.dataset['loaded'] = '';
        return Promise.resolve();
      };

      Viewer.prototype.onScroll_ = function () {
        log('Viewer.prototype.onScroll_');
        this.ampViewerHost_.sendRequest(
          'viewport',
          {
            scrollTop: this.container./*OK*/ scrollTop,
          },
          false
        );
      };

      Viewer.prototype.onResize_ = function () {
        log(
          'Resized to ',
          this.container./*OK*/ offsetWidth,
          this.container./*OK*/ offsetHeight,
          this.container./*OK*/ scrollTop
        );
        this.ampViewerHost_.sendRequest(
          'viewport',
          {
            scrollTop: this.container./*OK*/ scrollTop,
            width: this.container./*OK*/ offsetWidth,
            height: this.container./*OK*/ offsetHeight,
          },
          false
        );
      };

      Viewer.prototype.pushHistory_ = function (stackIndex) {
        log('push history to ', stackIndex);
        // Super trivial. Only one step allowed.
        if (stackIndex != this.stackIndex_ + 1) {
          throw new Error('Only one step push allowed');
        }
        this.stackIndex_ = stackIndex;
        window.history.pushState({}, '');
        return Promise.resolve();
      };

      Viewer.prototype.popHistory_ = function (stackIndex) {
        log('pop history at ', stackIndex);
        // Super trivial. Only one step allowed.
        if (stackIndex != this.stackIndex_) {
          throw new Error('Only one step pop allowed');
        }
        this.stackIndex_ = stackIndex;
        window.history.go(-1);
        return Promise.resolve();
      };

      Viewer.prototype.onPopState_ = function () {
        // Even more trivial. Always assumes that only one step was popped in
        // history.
        this.stackIndex_--;
        this.ampViewerHost_.sendRequest(
          'historyPopped',
          {
            newStackIndex: this.stackIndex_,
          },
          false
        );
        log('history popped to ', this.stackIndex_);
      };

      Viewer.prototype.scrollAmpDoc = function (scrollTop) {
        log('viewer scroll amp doc: ', scrollTop);
        this.ampViewerHost_.sendRequest('scroll', {scrollTop: scrollTop}, true);
      };

      Viewer.prototype.processRequest_ = function (name, data, awaitResponse) {
        log('Viewer.prototype.processRequest_', name);
        this.receivedMessages.push({name, data});
        switch (name) {
          case 'documentLoaded':
            return this.documentReady_();
          case 'pushHistory':
            return this.pushHistory_(data.stackIndex);
          case 'popHistory':
[...]
    at listOnTimeout (internal/timers.js:554:17)
    at processTimers (internal/timers.js:497:7)]]></failure>
    </testcase>
  </testsuite>
  <testsuite name="amp-story-auto-ads:dv3" timestamp="2021-04-29T00:31:04" tests="0" file="/Users/rileyjones/amp/amphtml/extensions/amp-story-auto-ads/0.1/test-e2e/test-amp-story-auto-ads.js" time="0.0000" failures="0">
  </testsuite>
  <testsuite name="chrome" timestamp="2021-04-29T00:31:04" tests="0" file="/Users/rileyjones/amp/amphtml/extensions/amp-story-auto-ads/0.1/test-e2e/test-amp-story-auto-ads.js" time="0.0000" failures="0">
  </testsuite>
  <testsuite name=" Standalone environment " timestamp="2021-04-29T00:31:04" tests="0" file="/Users/rileyjones/amp/amphtml/extensions/amp-story-auto-ads/0.1/test-e2e/test-amp-story-auto-ads.js" time="0.0000" failures="0">
  </testsuite>
  <testsuite name=" " timestamp="2021-04-29T00:31:04" tests="1" file="/Users/rileyjones/amp/amphtml/extensions/amp-story-auto-ads/0.1/test-e2e/test-amp-story-auto-ads.js" time="30.5930" failures="1">
    <testcase name="amp-story-auto-ads:dv3 chrome  Standalone environment  &quot;before each&quot; hook for &quot;should render correctly&quot;" time="30.5930" classname="&quot;before each&quot; hook for &quot;should render correctly&quot;">
      <failure message="Timeout of 30000ms exceeded. For async tests and hooks, ensure &quot;done()&quot; is called; if returning a Promise, ensure it resolves. (/Users/rileyjones/amp/amphtml/extensions/amp-story-auto-ads/0.1/test-e2e/test-amp-story-auto-ads.js)" type="Error"><![CDATA[Error: Timeout of 30000ms exceeded. For async tests and hooks, ensure "done()" is called; if returning a Promise, ensure it resolves. (/Users/rileyjones/amp/amphtml/extensions/amp-story-auto-ads/0.1/test-e2e/test-amp-story-auto-ads.js)
    at listOnTimeout (internal/timers.js:554:17)
    at processTimers (internal/timers.js:497:7)]]></failure>
    </testcase>
  </testsuite>
  <testsuite name="story player navigation" timestamp="2021-04-29T00:32:05" tests="0" file="/Users/rileyjones/amp/amphtml/extensions/amp-story-player/0.1/test/test-e2e/test-amp-story-player-navigation.js" time="0.0000" failures="0">
  </testsuite>
  <testsuite name="chrome" timestamp="2021-04-29T00:32:05" tests="0" file="/Users/rileyjones/amp/amphtml/extensions/amp-story-player/0.1/test/test-e2e/test-amp-story-player-navigation.js" time="0.0000" failures="0">
  </testsuite>
  <testsuite name=" Standalone environment " timestamp="2021-04-29T00:32:05" tests="0" file="/Users/rileyjones/amp/amphtml/extensions/amp-story-player/0.1/test/test-e2e/test-amp-story-player-navigation.js" time="0.0000" failures="0">
  </testsuite>
  <testsuite name=" " timestamp="2021-04-29T00:32:05" tests="2" file="/Users/rileyjones/amp/amphtml/extensions/amp-story-player/0.1/test/test-e2e/test-amp-story-player-navigation.js" time="30.7360" failures="1">
    <testcase name="story player navigation chrome  Standalone environment  &quot;before each&quot; hook for &quot;first story should be playing video&quot;" time="30.7360" classname="&quot;before each&quot; hook for &quot;first story should be playing video&quot;">
      <failure message="Timeout of 30000ms exceeded. For async tests and hooks, ensure &quot;done()&quot; is called; if returning a Promise, ensure it resolves. (/Users/rileyjones/amp/amphtml/extensions/amp-story-player/0.1/test/test-e2e/test-amp-story-player-navigation.js)" type="Error"><![CDATA[Error: Timeout of 30000ms exceeded. For async tests and hooks, ensure "done()" is called; if returning a Promise, ensure it resolves. (/Users/rileyjones/amp/amphtml/extensions/amp-story-player/0.1/test/test-e2e/test-amp-story-player-navigation.js)
    at listOnTimeout (internal/timers.js:554:17)
    at processTimers (internal/timers.js:497:7)]]></failure>
    </testcase>
  </testsuite>
  <testsuite name="player prerendering" timestamp="2021-04-29T00:33:06" tests="0" file="/Users/rileyjones/amp/amphtml/extensions/amp-story-player/0.1/test/test-e2e/test-amp-story-player-prerender.js" time="0.0000" failures="0">
  </testsuite>
  <testsuite name="chrome" timestamp="2021-04-29T00:33:06" tests="0" file="/Users/rileyjones/amp/amphtml/extensions/amp-story-player/0.1/test/test-e2e/test-amp-story-player-prerender.js" time="0.0000" failures="0">
  </testsuite>
  <testsuite name=" Standalone environment " timestamp="2021-04-29T00:33:06" tests="0" file="/Users/rileyjones/amp/amphtml/extensions/amp-story-player/0.1/test/test-e2e/test-amp-story-player-prerender.js" time="0.0000" failures="0">
  </testsuite>
  <testsuite name=" " timestamp="2021-04-29T00:33:06" tests="4" file="/Users/rileyjones/amp/amphtml/extensions/amp-story-player/0.1/test/test-e2e/test-amp-story-player-prerender.js" time="30.2450" failures="1">
    <testcase name="player prerendering chrome  Standalone environment  &quot;before each&quot; hook for &quot;when player is not visible in first viewport, it builds the shadow DOM container&quot;" time="30.2450" classname="&quot;before each&quot; hook for &quot;when player is not visible in first viewport, it builds the shadow DOM container&quot;">
      <failure message="Timeout of 30000ms exceeded. For async tests and hooks, ensure &quot;done()&quot; is called; if returning a Promise, ensure it resolves. (/Users/rileyjones/amp/amphtml/extensions/amp-story-player/0.1/test/test-e2e/test-amp-story-player-prerender.js)" type="Error"><![CDATA[Error: Timeout of 30000ms exceeded. For async tests and hooks, ensure "done()" is called; if returning a Promise, ensure it resolves. (/Users/rileyjones/amp/amphtml/extensions/amp-story-player/0.1/test/test-e2e/test-amp-story-player-prerender.js)
    at listOnTimeout (internal/timers.js:554:17)
    at processTimers (internal/timers.js:497:7)]]></failure>
    </testcase>
  </testsuite>
  <testsuite name="player prerendering" timestamp="2021-04-29T00:34:08" tests="0" file="/Users/rileyjones/amp/amphtml/extensions/amp-story-player/0.1/test/test-e2e/test-amp-story-player.js" time="0.0000" failures="0">
  </testsuite>
  <testsuite name="chrome" timestamp="2021-04-29T00:34:08" tests="0" file="/Users/rileyjones/amp/amphtml/extensions/amp-story-player/0.1/test/test-e2e/test-amp-story-player.js" time="0.0000" failures="0">
  </testsuite>
  <testsuite name=" Standalone environment " timestamp="2021-04-29T00:34:08" tests="0" file="/Users/rileyjones/amp/amphtml/extensions/amp-story-player/0.1/test/test-e2e/test-amp-story-player.js" time="0.0000" failures="0">
  </testsuite>
  <testsuite name=" " timestamp="2021-04-29T00:34:08" tests="1" file="/Users/rileyjones/amp/amphtml/extensions/amp-story-player/0.1/test/test-e2e/test-amp-story-player.js" time="30.5570" failures="1">
    <testcase name="player prerendering chrome  Standalone environment  &quot;before each&quot; hook for &quot;loads and displays first story on page load when player is visible in viewport&quot;" time="30.5570" classname="&quot;before each&quot; hook for &quot;loads and displays first story on page load when player is visible in viewport&quot;">
      <failure message="Timeout of 30000ms exceeded. For async tests and hooks, ensure &quot;done()&quot; is called; if returning a Promise, ensure it resolves. (/Users/rileyjones/amp/amphtml/extensions/amp-story-player/0.1/test/test-e2e/test-amp-story-player.js)" type="Error"><![CDATA[Error: Timeout of 30000ms exceeded. For async tests and hooks, ensure "done()" is called; if returning a Promise, ensure it resolves. (/Users/rileyjones/amp/amphtml/extensions/amp-story-player/0.1/test/test-e2e/test-amp-story-player.js)
    at listOnTimeout (internal/timers.js:554:17)
    at processTimers (internal/timers.js:497:7)]]></failure>
    </testcase>
  </testsuite>
  <testsuite name="amp story bookend" timestamp="2021-04-29T00:35:08" tests="0" file="/Users/rileyjones/amp/amphtml/extensions/amp-story/1.0/test-e2e/test-amp-story-bookend.js" time="0.0000" failures="0">
  </testsuite>
  <testsuite name="chrome" timestamp="2021-04-29T00:35:08" tests="0" file="/Users/rileyjones/amp/amphtml/extensions/amp-story/1.0/test-e2e/test-amp-story-bookend.js" time="0.0000" failures="0">
  </testsuite>
  <testsuite name=" Standalone environment " timestamp="2021-04-29T00:35:08" tests="0" file="/Users/rileyjones/amp/amphtml/extensions/amp-story/1.0/test-e2e/test-amp-story-bookend.js" time="0.0000" failures="0">
  </testsuite>
  <testsuite name=" " timestamp="2021-04-29T00:35:08" tests="2" file="/Users/rileyjones/amp/amphtml/extensions/amp-story/1.0/test-e2e/test-amp-story-bookend.js" time="31.4600" failures="1">
    <testcase name="amp story bookend chrome  Standalone environment  &quot;before each&quot; hook for &quot;should display bookend at the end of the story&quot;" time="31.4600" classname="&quot;before each&quot; hook for &quot;should display bookend at the end of the story&quot;">
      <failure message="Timeout of 30000ms exceeded. For async tests and hooks, ensure &quot;done()&quot; is called; if returning a Promise, ensure it resolves. (/Users/rileyjones/amp/amphtml/extensions/amp-story/1.0/test-e2e/test-amp-story-bookend.js)" type="Error"><![CDATA[Error: Timeout of 30000ms exceeded. For async tests and hooks, ensure "done()" is called; if returning a Promise, ensure it resolves. (/Users/rileyjones/amp/amphtml/extensions/amp-story/1.0/test-e2e/test-amp-story-bookend.js)
    at listOnTimeout (internal/timers.js:554:17)
    at processTimers (internal/timers.js:497:7)]]></failure>
    </testcase>
  </testsuite>
  <testsuite name="amp story share menu" timestamp="2021-04-29T00:36:10" tests="0" file="/Users/rileyjones/amp/amphtml/extensions/amp-story/1.0/test-e2e/test-amp-story-share-menu.js" time="0.0000" failures="0">
  </testsuite>
  <testsuite name="chrome" timestamp="2021-04-29T00:36:10" tests="0" file="/Users/rileyjones/amp/amphtml/extensions/amp-story/1.0/test-e2e/test-amp-story-share-menu.js" time="0.0000" failures="0">
  </testsuite>
  <testsuite name=" Standalone environment " timestamp="2021-04-29T00:36:10" tests="0" file="/Users/rileyjones/amp/amphtml/extensions/amp-story/1.0/test-e2e/test-amp-story-share-menu.js" time="0.0000" failures="0">
  </testsuite>
  <testsuite name=" " timestamp="2021-04-29T00:36:10" tests="1" file="/Users/rileyjones/amp/amphtml/extensions/amp-story/1.0/test-e2e/test-amp-story-share-menu.js" time="0.0000" failures="0">
  </testsuite>
  <testsuite name="amp-subscriptions-google" timestamp="2021-04-29T00:36:10" tests="0" file="/Users/rileyjones/amp/amphtml/extensions/amp-subscriptions-google/0.1/test-e2e/test-amp-subscriptions-google.js" time="0.0000" failures="0">
  </testsuite>
  <testsuite name="chrome" timestamp="2021-04-29T00:36:10" tests="0" file="/Users/rileyjones/amp/amphtml/extensions/amp-subscriptions-google/0.1/test-e2e/test-amp-subscriptions-google.js" time="0.0000" failures="0">
  </testsuite>
  <testsuite name=" Standalone environment " timestamp="2021-04-29T00:36:10" tests="0" file="/Users/rileyjones/amp/amphtml/extensions/amp-subscriptions-google/0.1/test-e2e/test-amp-subscriptions-google.js" time="0.0000" failures="0">
  </testsuite>
  <testsuite name=" " timestamp="2021-04-29T00:36:10" tests="1" file="/Users/rileyjones/amp/amphtml/extensions/amp-subscriptions-google/0.1/test-e2e/test-amp-subscriptions-google.js" time="31.6710" failures="1">
    <testcase name="amp-subscriptions-google chrome  Standalone environment  &quot;before each&quot; hook for &quot;Subscription offers should render correctly&quot;" time="31.6710" classname="&quot;before each&quot; hook for &quot;Subscription offers should render correctly&quot;">
      <failure message="Timeout of 30000ms exceeded. For async tests and hooks, ensure &quot;done()&quot; is called; if returning a Promise, ensure it resolves. (/Users/rileyjones/amp/amphtml/extensions/amp-subscriptions-google/0.1/test-e2e/test-amp-subscriptions-google.js)" type="Error"><![CDATA[Error: Timeout of 30000ms exceeded. For async tests and hooks, ensure "done()" is called; if returning a Promise, ensure it resolves. (/Users/rileyjones/amp/amphtml/extensions/amp-subscriptions-google/0.1/test-e2e/test-amp-subscriptions-google.js)
    at listOnTimeout (internal/timers.js:554:17)
    at processTimers (internal/timers.js:497:7)]]></failure>
    </testcase>
  </testsuite>
  <testsuite name="amp-video with video analytics" timestamp="2021-04-29T00:37:11" tests="0" file="/Users/rileyjones/amp/amphtml/extensions/amp-video/0.1/test-e2e/test-amp-video-analytics.js" time="0.0000" failures="0">
  </testsuite>
  <testsuite name="chrome" timestamp="2021-04-29T00:37:11" tests="0" file="/Users/rileyjones/amp/amphtml/extensions/amp-video/0.1/test-e2e/test-amp-video-analytics.js" time="0.0000" failures="0">
  </testsuite>
  <testsuite name=" Standalone environment " timestamp="2021-04-29T00:37:11" tests="0" file="/Users/rileyjones/amp/amphtml/extensions/amp-video/0.1/test-e2e/test-amp-video-analytics.js" time="0.0000" failures="0">
  </testsuite>
  <testsuite name=" " timestamp="2021-04-29T00:37:11" tests="1" file="/Users/rileyjones/amp/amphtml/extensions/amp-video/0.1/test-e2e/test-amp-video-analytics.js" time="33.4220" failures="1">
    <testcase name="amp-video with video analytics chrome  Standalone environment  &quot;before each&quot; hook for &quot;control buttons should manipulate video box behavior&quot;" time="33.4220" classname="&quot;before each&quot; hook for &quot;control buttons should manipulate video box behavior&quot;">
      <failure message="Timeout of 30000ms exceeded. For async tests and hooks, ensure &quot;done()&quot; is called; if returning a Promise, ensure it resolves. (/Users/rileyjones/amp/amphtml/extensions/amp-video/0.1/test-e2e/test-amp-video-analytics.js)" type="Error"><![CDATA[Error: Timeout of 30000ms exceeded. For async tests and hooks, ensure "done()" is called; if returning a Promise, ensure it resolves. (/Users/rileyjones/amp/amphtml/extensions/amp-video/0.1/test-e2e/test-amp-video-analytics.js)
    at listOnTimeout (internal/timers.js:554:17)
    at processTimers (internal/timers.js:497:7)]]></failure>
    </testcase>
  </testsuite>
  <testsuite name="amp-video autoplay with control" timestamp="2021-04-29T00:38:12" tests="0" file="/Users/rileyjones/amp/amphtml/extensions/amp-video/0.1/test-e2e/test-amp-video.js" time="0.0000" failures="0">
  </testsuite>
  <testsuite name="chrome" timestamp="2021-04-29T00:38:12" tests="0" file="/Users/rileyjones/amp/amphtml/extensions/amp-video/0.1/test-e2e/test-amp-video.js" time="0.0000" failures="0">
  </testsuite>
  <testsuite name=" AMPHTML ads FIE environment " timestamp="2021-04-29T00:38:12" tests="0" file="/Users/rileyjones/amp/amphtml/extensions/amp-video/0.1/test-e2e/test-amp-video.js" time="0.0000" failures="0">
  </testsuite>
  <testsuite name=" " timestamp="2021-04-29T00:38:12" tests="1" file="/Users/rileyjones/amp/amphtml/extensions/amp-video/0.1/test-e2e/test-amp-video.js" time="30.6400" failures="1">
    <testcase name="amp-video autoplay with control chrome  AMPHTML ads FIE environment  &quot;before each&quot; hook for &quot;control buttons should manipulate video box behavior&quot;" time="30.6400" classname="&quot;before each&quot; hook for &quot;control buttons should manipulate video box behavior&quot;">
      <failure message="Timeout of 30000ms exceeded. For async tests and hooks, ensure &quot;done()&quot; is called; if returning a Promise, ensure it resolves. (/Users/rileyjones/amp/amphtml/extensions/amp-video/0.1/test-e2e/test-amp-video.js)" type="Error"><![CDATA[Error: Timeout of 30000ms exceeded. For async tests and hooks, ensure "done()" is called; if returning a Promise, ensure it resolves. (/Users/rileyjones/amp/amphtml/extensions/amp-video/0.1/test-e2e/test-amp-video.js)
    at listOnTimeout (internal/timers.js:554:17)
    at processTimers (internal/timers.js:497:7)]]></failure>
    </testcase>
  </testsuite>
  <testsuite name=" AMPHTML ads inabox environment " timestamp="2021-04-29T00:39:13" tests="0" file="/Users/rileyjones/amp/amphtml/extensions/amp-video/0.1/test-e2e/test-amp-video.js" time="0.0000" failures="0">
  </testsuite>
  <testsuite name=" " timestamp="2021-04-29T00:39:13" tests="1" file="/Users/rileyjones/amp/amphtml/extensions/amp-video/0.1/test-e2e/test-amp-video.js" time="30.0120" failures="1">
    <testcase name="amp-video autoplay with control chrome  AMPHTML ads inabox environment  &quot;before each&quot; hook for &quot;control buttons should manipulate video box behavior&quot;" time="30.0120" classname="&quot;before each&quot; hook for &quot;control buttons should manipulate video box behavior&quot;">
      <failure message="Timeout of 30000ms exceeded. For async tests and hooks, ensure &quot;done()&quot; is called; if returning a Promise, ensure it resolves. (/Users/rileyjones/amp/amphtml/extensions/amp-video/0.1/test-e2e/test-amp-video.js)" type="Error"><![CDATA[Error: Timeout of 30000ms exceeded. For async tests and hooks, ensure "done()" is called; if returning a Promise, ensure it resolves. (/Users/rileyjones/amp/amphtml/extensions/amp-video/0.1/test-e2e/test-amp-video.js)
    at listOnTimeout (internal/timers.js:554:17)
    at processTimers (internal/timers.js:497:7)]]></failure>
    </testcase>
  </testsuite>
  <testsuite name=" AMPHTML ads inabox friendly frame environment " timestamp="2021-04-29T00:40:14" tests="0" file="/Users/rileyjones/amp/amphtml/extensions/amp-video/0.1/test-e2e/test-amp-video.js" time="0.0000" failures="0">
  </testsuite>
  <testsuite name=" " timestamp="2021-04-29T00:40:14" tests="1" file="/Users/rileyjones/amp/amphtml/extensions/amp-video/0.1/test-e2e/test-amp-video.js" time="31.6910" failures="1">
    <testcase name="amp-video autoplay with control chrome  AMPHTML ads inabox friendly frame environment  &quot;before each&quot; hook for &quot;control buttons should manipulate video box behavior&quot;" time="31.6910" classname="&quot;before each&quot; hook for &quot;control buttons should manipulate video box behavior&quot;">
      <failure message="Timeout of 30000ms exceeded. For async tests and hooks, ensure &quot;done()&quot; is called; if returning a Promise, ensure it resolves. (/Users/rileyjones/amp/amphtml/extensions/amp-video/0.1/test-e2e/test-amp-video.js)" type="Error"><![CDATA[Error: Timeout of 30000ms exceeded. For async tests and hooks, ensure "done()" is called; if returning a Promise, ensure it resolves. (/Users/rileyjones/amp/amphtml/extensions/amp-video/0.1/test-e2e/test-amp-video.js)
    at listOnTimeout (internal/timers.js:554:17)
    at processTimers (internal/timers.js:497:7)]]></failure>
    </testcase>
  </testsuite>
  <testsuite name=" AMPHTML ads inabox safeframe environment " timestamp="2021-04-29T00:41:16" tests="0" file="/Users/rileyjones/amp/amphtml/extensions/amp-video/0.1/test-e2e/test-amp-video.js" time="0.0000" failures="0">
  </testsuite>
  <testsuite name=" " timestamp="2021-04-29T00:41:16" tests="1" file="/Users/rileyjones/amp/amphtml/extensions/amp-video/0.1/test-e2e/test-amp-video.js" time="30.0110" failures="1">
    <testcase name="amp-video autoplay with control chrome  AMPHTML ads inabox safeframe environment  &quot;before each&quot; hook for &quot;control buttons should manipulate video box behavior&quot;" time="30.0110" classname="&quot;before each&quot; hook for &quot;control buttons should manipulate video box behavior&quot;">
      <failure message="Timeout of 30000ms exceeded. For async tests and hooks, ensure &quot;done()&quot; is called; if returning a Promise, ensure it resolves. (/Users/rileyjones/amp/amphtml/extensions/amp-video/0.1/test-e2e/test-amp-video.js)" type="Error"><![CDATA[Error: Timeout of 30000ms exceeded. For async tests and hooks, ensure "done()" is called; if returning a Promise, ensure it resolves. (/Users/rileyjones/amp/amphtml/extensions/amp-video/0.1/test-e2e/test-amp-video.js)
    at listOnTimeout (internal/timers.js:554:17)
    at processTimers (internal/timers.js:497:7)]]></failure>
    </testcase>
  </testsuite>
</testsuites>